--------------- Build Started: 07/23/2014 15:38:09 Project: Desktop_Tool_Emulator, Configuration: ARM GCC 4.7.3 Release ---------------
The code generation step is up to date.
arm-none-eabi-gcc.exe -I. -I./Generated_Source/PSoC4 -Wno-main -mcpu=cortex-m0 -mthumb -Wall -g -D NDEBUG -Wa,-alh=.\CortexM0\ARM_GCC_473\Release\main.lst -Os -ffunction-sections -c .\main.c -o .\CortexM0\ARM_GCC_473\Release\main.o
.\main.c: In function 'main':
.\main.c:60:3: warning: pointer targets in passing argument 1 of 'UART_1_SpiUartPutArray' differ in signedness [-Wpointer-sign]
In file included from ./Generated_Source/PSoC4/project.h:27:0,
                 from .\main.c:12:
./Generated_Source/PSoC4/UART_1_SPI_UART.h:316:12: note: expected 'const uint8 *' but argument is of type 'char *'
.\main.c:29:8: warning: variable 'z' set but not used [-Wunused-but-set-variable]
.\main.c:28:8: warning: variable 'y' set but not used [-Wunused-but-set-variable]
.\main.c:27:8: warning: variable 'x' set but not used [-Wunused-but-set-variable]
.\main.c: In function 'i2c_read':
.\main.c:107:6: warning: variable 'i' set but not used [-Wunused-but-set-variable]
.\main.c: In function 'main':
.\main.c:59:4: warning: 'buffer' is used uninitialized in this function [-Wuninitialized]
arm-none-eabi-gcc.exe -I. -I./Generated_Source/PSoC4 -Wno-main -mcpu=cortex-m0 -mthumb -Wall -g -D NDEBUG -Wa,-alh=.\CortexM0\ARM_GCC_473\Release\cyfitter_cfg.lst -Os -ffunction-sections -c .\Generated_Source\PSoC4\cyfitter_cfg.c -o .\CortexM0\ARM_GCC_473\Release\cyfitter_cfg.o
arm-none-eabi-gcc.exe -I. -I./Generated_Source/PSoC4 -Wno-main -mcpu=cortex-m0 -mthumb -Wall -g -D NDEBUG -Wa,-alh=.\CortexM0\ARM_GCC_473\Release\cymetadata.lst -Os -ffunction-sections -c .\Generated_Source\PSoC4\cymetadata.c -o .\CortexM0\ARM_GCC_473\Release\cymetadata.o
arm-none-eabi-gcc.exe -I. -I./Generated_Source/PSoC4 -Wno-main -mcpu=cortex-m0 -mthumb -Wall -g -D NDEBUG -Wa,-alh=.\CortexM0\ARM_GCC_473\Release\I2C_1.lst -Os -ffunction-sections -c .\Generated_Source\PSoC4\I2C_1.c -o .\CortexM0\ARM_GCC_473\Release\I2C_1.o
arm-none-eabi-gcc.exe -I. -I./Generated_Source/PSoC4 -Wno-main -mcpu=cortex-m0 -mthumb -Wall -g -D NDEBUG -Wa,-alh=.\CortexM0\ARM_GCC_473\Release\I2C_1_I2C_INT.lst -Os -ffunction-sections -c .\Generated_Source\PSoC4\I2C_1_I2C_INT.c -o .\CortexM0\ARM_GCC_473\Release\I2C_1_I2C_INT.o
arm-none-eabi-gcc.exe -I. -I./Generated_Source/PSoC4 -Wno-main -mcpu=cortex-m0 -mthumb -Wall -g -D NDEBUG -Wa,-alh=.\CortexM0\ARM_GCC_473\Release\I2C_1_I2C.lst -Os -ffunction-sections -c .\Generated_Source\PSoC4\I2C_1_I2C.c -o .\CortexM0\ARM_GCC_473\Release\I2C_1_I2C.o
arm-none-eabi-gcc.exe -I. -I./Generated_Source/PSoC4 -Wno-main -mcpu=cortex-m0 -mthumb -Wall -g -D NDEBUG -Wa,-alh=.\CortexM0\ARM_GCC_473\Release\I2C_1_I2C_BOOT.lst -Os -ffunction-sections -c .\Generated_Source\PSoC4\I2C_1_I2C_BOOT.c -o .\CortexM0\ARM_GCC_473\Release\I2C_1_I2C_BOOT.o
arm-none-eabi-gcc.exe -I. -I./Generated_Source/PSoC4 -Wno-main -mcpu=cortex-m0 -mthumb -Wall -g -D NDEBUG -Wa,-alh=.\CortexM0\ARM_GCC_473\Release\I2C_1_I2C_MASTER.lst -Os -ffunction-sections -c .\Generated_Source\PSoC4\I2C_1_I2C_MASTER.c -o .\CortexM0\ARM_GCC_473\Release\I2C_1_I2C_MASTER.o
arm-none-eabi-gcc.exe -I. -I./Generated_Source/PSoC4 -Wno-main -mcpu=cortex-m0 -mthumb -Wall -g -D NDEBUG -Wa,-alh=.\CortexM0\ARM_GCC_473\Release\I2C_1_PM.lst -Os -ffunction-sections -c .\Generated_Source\PSoC4\I2C_1_PM.c -o .\CortexM0\ARM_GCC_473\Release\I2C_1_PM.o
arm-none-eabi-gcc.exe -I. -I./Generated_Source/PSoC4 -Wno-main -mcpu=cortex-m0 -mthumb -Wall -g -D NDEBUG -Wa,-alh=.\CortexM0\ARM_GCC_473\Release\I2C_1_BOOT.lst -Os -ffunction-sections -c .\Generated_Source\PSoC4\I2C_1_BOOT.c -o .\CortexM0\ARM_GCC_473\Release\I2C_1_BOOT.o
arm-none-eabi-gcc.exe -I. -I./Generated_Source/PSoC4 -Wno-main -mcpu=cortex-m0 -mthumb -Wall -g -D NDEBUG -Wa,-alh=.\CortexM0\ARM_GCC_473\Release\UART_1.lst -Os -ffunction-sections -c .\Generated_Source\PSoC4\UART_1.c -o .\CortexM0\ARM_GCC_473\Release\UART_1.o
arm-none-eabi-gcc.exe -I. -I./Generated_Source/PSoC4 -Wno-main -mcpu=cortex-m0 -mthumb -Wall -g -D NDEBUG -Wa,-alh=.\CortexM0\ARM_GCC_473\Release\UART_1_SPI_UART.lst -Os -ffunction-sections -c .\Generated_Source\PSoC4\UART_1_SPI_UART.c -o .\CortexM0\ARM_GCC_473\Release\UART_1_SPI_UART.o
arm-none-eabi-gcc.exe -I. -I./Generated_Source/PSoC4 -Wno-main -mcpu=cortex-m0 -mthumb -Wall -g -D NDEBUG -Wa,-alh=.\CortexM0\ARM_GCC_473\Release\UART_1_SPI_UART_INT.lst -Os -ffunction-sections -c .\Generated_Source\PSoC4\UART_1_SPI_UART_INT.c -o .\CortexM0\ARM_GCC_473\Release\UART_1_SPI_UART_INT.o
arm-none-eabi-gcc.exe -I. -I./Generated_Source/PSoC4 -Wno-main -mcpu=cortex-m0 -mthumb -Wall -g -D NDEBUG -Wa,-alh=.\CortexM0\ARM_GCC_473\Release\UART_1_PM.lst -Os -ffunction-sections -c .\Generated_Source\PSoC4\UART_1_PM.c -o .\CortexM0\ARM_GCC_473\Release\UART_1_PM.o
arm-none-eabi-gcc.exe -I. -I./Generated_Source/PSoC4 -Wno-main -mcpu=cortex-m0 -mthumb -Wall -g -D NDEBUG -Wa,-alh=.\CortexM0\ARM_GCC_473\Release\UART_1_UART.lst -Os -ffunction-sections -c .\Generated_Source\PSoC4\UART_1_UART.c -o .\CortexM0\ARM_GCC_473\Release\UART_1_UART.o
arm-none-eabi-gcc.exe -I. -I./Generated_Source/PSoC4 -Wno-main -mcpu=cortex-m0 -mthumb -Wall -g -D NDEBUG -Wa,-alh=.\CortexM0\ARM_GCC_473\Release\UART_1_BOOT.lst -Os -ffunction-sections -c .\Generated_Source\PSoC4\UART_1_BOOT.c -o .\CortexM0\ARM_GCC_473\Release\UART_1_BOOT.o
arm-none-eabi-gcc.exe -I. -I./Generated_Source/PSoC4 -Wno-main -mcpu=cortex-m0 -mthumb -Wall -g -D NDEBUG -Wa,-alh=.\CortexM0\ARM_GCC_473\Release\UART_1_UART_BOOT.lst -Os -ffunction-sections -c .\Generated_Source\PSoC4\UART_1_UART_BOOT.c -o .\CortexM0\ARM_GCC_473\Release\UART_1_UART_BOOT.o
arm-none-eabi-gcc.exe -I. -I./Generated_Source/PSoC4 -Wno-main -mcpu=cortex-m0 -mthumb -Wall -g -D NDEBUG -Wa,-alh=.\CortexM0\ARM_GCC_473\Release\I2C_1_sda.lst -Os -ffunction-sections -c .\Generated_Source\PSoC4\I2C_1_sda.c -o .\CortexM0\ARM_GCC_473\Release\I2C_1_sda.o
arm-none-eabi-gcc.exe -I. -I./Generated_Source/PSoC4 -Wno-main -mcpu=cortex-m0 -mthumb -Wall -g -D NDEBUG -Wa,-alh=.\CortexM0\ARM_GCC_473\Release\I2C_1_scl.lst -Os -ffunction-sections -c .\Generated_Source\PSoC4\I2C_1_scl.c -o .\CortexM0\ARM_GCC_473\Release\I2C_1_scl.o
arm-none-eabi-gcc.exe -I. -I./Generated_Source/PSoC4 -Wno-main -mcpu=cortex-m0 -mthumb -Wall -g -D NDEBUG -Wa,-alh=.\CortexM0\ARM_GCC_473\Release\UART_1_tx.lst -Os -ffunction-sections -c .\Generated_Source\PSoC4\UART_1_tx.c -o .\CortexM0\ARM_GCC_473\Release\UART_1_tx.o
arm-none-eabi-gcc.exe -I. -I./Generated_Source/PSoC4 -Wno-main -mcpu=cortex-m0 -mthumb -Wall -g -D NDEBUG -Wa,-alh=.\CortexM0\ARM_GCC_473\Release\UART_1_rx.lst -Os -ffunction-sections -c .\Generated_Source\PSoC4\UART_1_rx.c -o .\CortexM0\ARM_GCC_473\Release\UART_1_rx.o
arm-none-eabi-gcc.exe -I. -I./Generated_Source/PSoC4 -Wno-main -mcpu=cortex-m0 -mthumb -Wall -g -D NDEBUG -Wa,-alh=.\CortexM0\ARM_GCC_473\Release\Cm0Start.lst -Os -ffunction-sections -c .\Generated_Source\PSoC4\Cm0Start.c -o .\CortexM0\ARM_GCC_473\Release\Cm0Start.o
arm-none-eabi-as.exe -I. -I./Generated_Source/PSoC4 -mcpu=cortex-m0 -mthumb -g -alh=.\CortexM0\ARM_GCC_473\Release/CyBootAsmGnu.lst -o .\CortexM0\ARM_GCC_473\Release\CyBootAsmGnu.o .\Generated_Source\PSoC4\CyBootAsmGnu.s
arm-none-eabi-gcc.exe -I. -I./Generated_Source/PSoC4 -Wno-main -mcpu=cortex-m0 -mthumb -Wall -g -D NDEBUG -Wa,-alh=.\CortexM0\ARM_GCC_473\Release\CyFlash.lst -Os -ffunction-sections -c .\Generated_Source\PSoC4\CyFlash.c -o .\CortexM0\ARM_GCC_473\Release\CyFlash.o
arm-none-eabi-gcc.exe -I. -I./Generated_Source/PSoC4 -Wno-main -mcpu=cortex-m0 -mthumb -Wall -g -D NDEBUG -Wa,-alh=.\CortexM0\ARM_GCC_473\Release\CyLib.lst -Os -ffunction-sections -c .\Generated_Source\PSoC4\CyLib.c -o .\CortexM0\ARM_GCC_473\Release\CyLib.o
arm-none-eabi-gcc.exe -I. -I./Generated_Source/PSoC4 -Wno-main -mcpu=cortex-m0 -mthumb -Wall -g -D NDEBUG -Wa,-alh=.\CortexM0\ARM_GCC_473\Release\cyPm.lst -Os -ffunction-sections -c .\Generated_Source\PSoC4\cyPm.c -o .\CortexM0\ARM_GCC_473\Release\cyPm.o
arm-none-eabi-gcc.exe -I. -I./Generated_Source/PSoC4 -Wno-main -mcpu=cortex-m0 -mthumb -Wall -g -D NDEBUG -Wa,-alh=.\CortexM0\ARM_GCC_473\Release\cyutils.lst -Os -ffunction-sections -c .\Generated_Source\PSoC4\cyutils.c -o .\CortexM0\ARM_GCC_473\Release\cyutils.o
arm-none-eabi-gcc.exe -I. -I./Generated_Source/PSoC4 -Wno-main -mcpu=cortex-m0 -mthumb -Wall -g -D NDEBUG -Wa,-alh=.\CortexM0\ARM_GCC_473\Release\SPIM_1.lst -Os -ffunction-sections -c .\Generated_Source\PSoC4\SPIM_1.c -o .\CortexM0\ARM_GCC_473\Release\SPIM_1.o
arm-none-eabi-gcc.exe -I. -I./Generated_Source/PSoC4 -Wno-main -mcpu=cortex-m0 -mthumb -Wall -g -D NDEBUG -Wa,-alh=.\CortexM0\ARM_GCC_473\Release\SPIM_1_PM.lst -Os -ffunction-sections -c .\Generated_Source\PSoC4\SPIM_1_PM.c -o .\CortexM0\ARM_GCC_473\Release\SPIM_1_PM.o
arm-none-eabi-gcc.exe -I. -I./Generated_Source/PSoC4 -Wno-main -mcpu=cortex-m0 -mthumb -Wall -g -D NDEBUG -Wa,-alh=.\CortexM0\ARM_GCC_473\Release\SPIM_1_INT.lst -Os -ffunction-sections -c .\Generated_Source\PSoC4\SPIM_1_INT.c -o .\CortexM0\ARM_GCC_473\Release\SPIM_1_INT.o
arm-none-eabi-gcc.exe -I. -I./Generated_Source/PSoC4 -Wno-main -mcpu=cortex-m0 -mthumb -Wall -g -D NDEBUG -Wa,-alh=.\CortexM0\ARM_GCC_473\Release\Pin_4.lst -Os -ffunction-sections -c .\Generated_Source\PSoC4\Pin_4.c -o .\CortexM0\ARM_GCC_473\Release\Pin_4.o
arm-none-eabi-gcc.exe -I. -I./Generated_Source/PSoC4 -Wno-main -mcpu=cortex-m0 -mthumb -Wall -g -D NDEBUG -Wa,-alh=.\CortexM0\ARM_GCC_473\Release\SPIM_1_IntClock.lst -Os -ffunction-sections -c .\Generated_Source\PSoC4\SPIM_1_IntClock.c -o .\CortexM0\ARM_GCC_473\Release\SPIM_1_IntClock.o
arm-none-eabi-gcc.exe -I. -I./Generated_Source/PSoC4 -Wno-main -mcpu=cortex-m0 -mthumb -Wall -g -D NDEBUG -Wa,-alh=.\CortexM0\ARM_GCC_473\Release\miso.lst -Os -ffunction-sections -c .\Generated_Source\PSoC4\miso.c -o .\CortexM0\ARM_GCC_473\Release\miso.o
arm-none-eabi-gcc.exe -I. -I./Generated_Source/PSoC4 -Wno-main -mcpu=cortex-m0 -mthumb -Wall -g -D NDEBUG -Wa,-alh=.\CortexM0\ARM_GCC_473\Release\mosi.lst -Os -ffunction-sections -c .\Generated_Source\PSoC4\mosi.c -o .\CortexM0\ARM_GCC_473\Release\mosi.o
arm-none-eabi-gcc.exe -I. -I./Generated_Source/PSoC4 -Wno-main -mcpu=cortex-m0 -mthumb -Wall -g -D NDEBUG -Wa,-alh=.\CortexM0\ARM_GCC_473\Release\sclk.lst -Os -ffunction-sections -c .\Generated_Source\PSoC4\sclk.c -o .\CortexM0\ARM_GCC_473\Release\sclk.o
arm-none-eabi-ar.exe -rs .\CortexM0\ARM_GCC_473\Release\Desktop_Tool_Emulator.a .\CortexM0\ARM_GCC_473\Release\cyfitter_cfg.o .\CortexM0\ARM_GCC_473\Release\I2C_1.o .\CortexM0\ARM_GCC_473\Release\I2C_1_I2C_INT.o .\CortexM0\ARM_GCC_473\Release\I2C_1_I2C.o .\CortexM0\ARM_GCC_473\Release\I2C_1_I2C_BOOT.o .\CortexM0\ARM_GCC_473\Release\I2C_1_I2C_MASTER.o .\CortexM0\ARM_GCC_473\Release\I2C_1_PM.o .\CortexM0\ARM_GCC_473\Release\I2C_1_BOOT.o .\CortexM0\ARM_GCC_473\Release\UART_1.o .\CortexM0\ARM_GCC_473\Release\UART_1_SPI_UART.o .\CortexM0\ARM_GCC_473\Release\UART_1_SPI_UART_INT.o .\CortexM0\ARM_GCC_473\Release\UART_1_PM.o .\CortexM0\ARM_GCC_473\Release\UART_1_UART.o .\CortexM0\ARM_GCC_473\Release\UART_1_BOOT.o .\CortexM0\ARM_GCC_473\Release\UART_1_UART_BOOT.o .\CortexM0\ARM_GCC_473\Release\I2C_1_sda.o .\CortexM0\ARM_GCC_473\Release\I2C_1_scl.o .\CortexM0\ARM_GCC_473\Release\UART_1_tx.o .\CortexM0\ARM_GCC_473\Release\UART_1_rx.o .\CortexM0\ARM_GCC_473\Release\CyBootAsmGnu.o .\CortexM0\ARM_GCC_473\Release\CyFlash.o .\CortexM0\ARM_GCC_473\Release\CyLib.o .\CortexM0\ARM_GCC_473\Release\cyPm.o .\CortexM0\ARM_GCC_473\Release\cyutils.o .\CortexM0\ARM_GCC_473\Release\SPIM_1.o .\CortexM0\ARM_GCC_473\Release\SPIM_1_PM.o .\CortexM0\ARM_GCC_473\Release\SPIM_1_INT.o .\CortexM0\ARM_GCC_473\Release\Pin_4.o .\CortexM0\ARM_GCC_473\Release\SPIM_1_IntClock.o .\CortexM0\ARM_GCC_473\Release\miso.o .\CortexM0\ARM_GCC_473\Release\mosi.o .\CortexM0\ARM_GCC_473\Release\sclk.o
arm-none-eabi-ar.exe: creating .\CortexM0\ARM_GCC_473\Release\Desktop_Tool_Emulator.a
arm-none-eabi-gcc.exe -mthumb -march=armv6-m -T .\Generated_Source\PSoC4\cm0gcc.ld -g -Wl,-Map,.\CortexM0\ARM_GCC_473\Release\Desktop_Tool_Emulator.map -specs=nano.specs -Wl,--gc-sections -Wl,--start-group -o .\CortexM0\ARM_GCC_473\Release\Desktop_Tool_Emulator.elf .\CortexM0\ARM_GCC_473\Release\main.o .\CortexM0\ARM_GCC_473\Release\cymetadata.o .\CortexM0\ARM_GCC_473\Release\Cm0Start.o .\CortexM0\ARM_GCC_473\Release\Desktop_Tool_Emulator.a "C:\Program Files (x86)\Cypress\PSoC Creator\3.0\PSoC Creator\psoc\content\cycomponentlibrary\CyComponentLibrary.cylib\CortexM0\ARM_GCC_473\Release\CyComponentLibrary.a" -Wl,--end-group
cyelftool.exe -C "C:\Users\Milo\Documents\PSoC Creator\DPI_Desktop_Tester\Desktop_Tool_Emulator.cydsn\CortexM0\ARM_GCC_473\Release\Desktop_Tool_Emulator.elf" --flash_size 32768 --flash_row_size 128
cyelftool.exe -S "C:\Users\Milo\Documents\PSoC Creator\DPI_Desktop_Tester\Desktop_Tool_Emulator.cydsn\CortexM0\ARM_GCC_473\Release\Desktop_Tool_Emulator.elf"
Flash used: 4600 of 32768 bytes (14.0 %).
SRAM used: 1652 of 4096 bytes (40.3 %).
--------------- Build Succeeded: 07/23/2014 15:38:15 ---------------
