ARM GAS  C:\Users\Milo\AppData\Local\Temp\cckUXMtp.s 			page 1


   1              		.cpu cortex-m0
   2              		.fpu softvfp
   3              		.eabi_attribute 20, 1
   4              		.eabi_attribute 21, 1
   5              		.eabi_attribute 23, 3
   6              		.eabi_attribute 24, 1
   7              		.eabi_attribute 25, 1
   8              		.eabi_attribute 26, 1
   9              		.eabi_attribute 30, 4
  10              		.eabi_attribute 34, 0
  11              		.eabi_attribute 18, 4
  12              		.code	16
  13              		.file	"SPIM_1_PM.c"
  14              		.text
  15              	.Ltext0:
  16              		.cfi_sections	.debug_frame
  17              		.section	.text.SPIM_1_SaveConfig,"ax",%progbits
  18              		.align	1
  19              		.global	SPIM_1_SaveConfig
  20              		.code	16
  21              		.thumb_func
  22              		.type	SPIM_1_SaveConfig, %function
  23              	SPIM_1_SaveConfig:
  24              	.LFB0:
  25              		.file 1 ".\\Generated_Source\\PSoC4\\SPIM_1_PM.c"
   1:.\Generated_Source\PSoC4/SPIM_1_PM.c **** /*******************************************************************************
   2:.\Generated_Source\PSoC4/SPIM_1_PM.c **** * File Name: SPIM_1_PM.c
   3:.\Generated_Source\PSoC4/SPIM_1_PM.c **** * Version 2.40
   4:.\Generated_Source\PSoC4/SPIM_1_PM.c **** *
   5:.\Generated_Source\PSoC4/SPIM_1_PM.c **** * Description:
   6:.\Generated_Source\PSoC4/SPIM_1_PM.c **** *  This file contains the setup, control and status commands to support
   7:.\Generated_Source\PSoC4/SPIM_1_PM.c **** *  component operations in low power mode.
   8:.\Generated_Source\PSoC4/SPIM_1_PM.c **** *
   9:.\Generated_Source\PSoC4/SPIM_1_PM.c **** * Note:
  10:.\Generated_Source\PSoC4/SPIM_1_PM.c **** *
  11:.\Generated_Source\PSoC4/SPIM_1_PM.c **** ********************************************************************************
  12:.\Generated_Source\PSoC4/SPIM_1_PM.c **** * Copyright 2008-2012, Cypress Semiconductor Corporation.  All rights reserved.
  13:.\Generated_Source\PSoC4/SPIM_1_PM.c **** * You may use this file only in accordance with the license, terms, conditions,
  14:.\Generated_Source\PSoC4/SPIM_1_PM.c **** * disclaimers, and limitations in the end user license agreement accompanying
  15:.\Generated_Source\PSoC4/SPIM_1_PM.c **** * the software package with which this file was provided.
  16:.\Generated_Source\PSoC4/SPIM_1_PM.c **** *******************************************************************************/
  17:.\Generated_Source\PSoC4/SPIM_1_PM.c **** 
  18:.\Generated_Source\PSoC4/SPIM_1_PM.c **** #include "SPIM_1_PVT.h"
  19:.\Generated_Source\PSoC4/SPIM_1_PM.c **** 
  20:.\Generated_Source\PSoC4/SPIM_1_PM.c **** static SPIM_1_BACKUP_STRUCT SPIM_1_backup =
  21:.\Generated_Source\PSoC4/SPIM_1_PM.c **** {
  22:.\Generated_Source\PSoC4/SPIM_1_PM.c ****     SPIM_1_DISABLED,
  23:.\Generated_Source\PSoC4/SPIM_1_PM.c ****     SPIM_1_BITCTR_INIT,
  24:.\Generated_Source\PSoC4/SPIM_1_PM.c ****     #if(CY_UDB_V0)
  25:.\Generated_Source\PSoC4/SPIM_1_PM.c ****         SPIM_1_TX_INIT_INTERRUPTS_MASK,
  26:.\Generated_Source\PSoC4/SPIM_1_PM.c ****         SPIM_1_RX_INIT_INTERRUPTS_MASK
  27:.\Generated_Source\PSoC4/SPIM_1_PM.c ****     #endif /* CY_UDB_V0 */
  28:.\Generated_Source\PSoC4/SPIM_1_PM.c **** };
  29:.\Generated_Source\PSoC4/SPIM_1_PM.c **** 
  30:.\Generated_Source\PSoC4/SPIM_1_PM.c **** 
  31:.\Generated_Source\PSoC4/SPIM_1_PM.c **** /*******************************************************************************
  32:.\Generated_Source\PSoC4/SPIM_1_PM.c **** * Function Name: SPIM_1_SaveConfig
ARM GAS  C:\Users\Milo\AppData\Local\Temp\cckUXMtp.s 			page 2


  33:.\Generated_Source\PSoC4/SPIM_1_PM.c **** ********************************************************************************
  34:.\Generated_Source\PSoC4/SPIM_1_PM.c **** *
  35:.\Generated_Source\PSoC4/SPIM_1_PM.c **** * Summary:
  36:.\Generated_Source\PSoC4/SPIM_1_PM.c **** *  Saves SPIM configuration.
  37:.\Generated_Source\PSoC4/SPIM_1_PM.c **** *
  38:.\Generated_Source\PSoC4/SPIM_1_PM.c **** * Parameters:
  39:.\Generated_Source\PSoC4/SPIM_1_PM.c **** *  None.
  40:.\Generated_Source\PSoC4/SPIM_1_PM.c **** *
  41:.\Generated_Source\PSoC4/SPIM_1_PM.c **** * Return:
  42:.\Generated_Source\PSoC4/SPIM_1_PM.c **** *  None.
  43:.\Generated_Source\PSoC4/SPIM_1_PM.c **** *
  44:.\Generated_Source\PSoC4/SPIM_1_PM.c **** * Global Variables:
  45:.\Generated_Source\PSoC4/SPIM_1_PM.c **** *  SPIM_1_backup - modified when non-retention registers are saved.
  46:.\Generated_Source\PSoC4/SPIM_1_PM.c **** *
  47:.\Generated_Source\PSoC4/SPIM_1_PM.c **** * Reentrant:
  48:.\Generated_Source\PSoC4/SPIM_1_PM.c **** *  No.
  49:.\Generated_Source\PSoC4/SPIM_1_PM.c **** *
  50:.\Generated_Source\PSoC4/SPIM_1_PM.c **** *******************************************************************************/
  51:.\Generated_Source\PSoC4/SPIM_1_PM.c **** void SPIM_1_SaveConfig(void) 
  52:.\Generated_Source\PSoC4/SPIM_1_PM.c **** {
  26              		.loc 1 52 0
  27              		.cfi_startproc
  53:.\Generated_Source\PSoC4/SPIM_1_PM.c ****     /* Store Status Mask registers */
  54:.\Generated_Source\PSoC4/SPIM_1_PM.c ****     #if(CY_UDB_V0)
  55:.\Generated_Source\PSoC4/SPIM_1_PM.c ****        SPIM_1_backup.cntrPeriod      = SPIM_1_COUNTER_PERIOD_REG;
  56:.\Generated_Source\PSoC4/SPIM_1_PM.c ****        SPIM_1_backup.saveSrTxIntMask = SPIM_1_TX_STATUS_MASK_REG;
  57:.\Generated_Source\PSoC4/SPIM_1_PM.c ****        SPIM_1_backup.saveSrRxIntMask = SPIM_1_RX_STATUS_MASK_REG;
  58:.\Generated_Source\PSoC4/SPIM_1_PM.c ****     #endif /* (CY_UDB_V0) */
  59:.\Generated_Source\PSoC4/SPIM_1_PM.c **** }
  28              		.loc 1 59 0
  29              		@ sp needed for prologue
  30 0000 7047     		bx	lr
  31              		.cfi_endproc
  32              	.LFE0:
  33              		.size	SPIM_1_SaveConfig, .-SPIM_1_SaveConfig
  34              		.section	.text.SPIM_1_RestoreConfig,"ax",%progbits
  35              		.align	1
  36              		.global	SPIM_1_RestoreConfig
  37              		.code	16
  38              		.thumb_func
  39              		.type	SPIM_1_RestoreConfig, %function
  40              	SPIM_1_RestoreConfig:
  41              	.LFB1:
  60:.\Generated_Source\PSoC4/SPIM_1_PM.c **** 
  61:.\Generated_Source\PSoC4/SPIM_1_PM.c **** 
  62:.\Generated_Source\PSoC4/SPIM_1_PM.c **** /*******************************************************************************
  63:.\Generated_Source\PSoC4/SPIM_1_PM.c **** * Function Name: SPIM_1_RestoreConfig
  64:.\Generated_Source\PSoC4/SPIM_1_PM.c **** ********************************************************************************
  65:.\Generated_Source\PSoC4/SPIM_1_PM.c **** *
  66:.\Generated_Source\PSoC4/SPIM_1_PM.c **** * Summary:
  67:.\Generated_Source\PSoC4/SPIM_1_PM.c **** *  Restores SPIM configuration.
  68:.\Generated_Source\PSoC4/SPIM_1_PM.c **** *
  69:.\Generated_Source\PSoC4/SPIM_1_PM.c **** * Parameters:
  70:.\Generated_Source\PSoC4/SPIM_1_PM.c **** *  None.
  71:.\Generated_Source\PSoC4/SPIM_1_PM.c **** *
  72:.\Generated_Source\PSoC4/SPIM_1_PM.c **** * Return:
  73:.\Generated_Source\PSoC4/SPIM_1_PM.c **** *  None.
ARM GAS  C:\Users\Milo\AppData\Local\Temp\cckUXMtp.s 			page 3


  74:.\Generated_Source\PSoC4/SPIM_1_PM.c **** *
  75:.\Generated_Source\PSoC4/SPIM_1_PM.c **** * Global Variables:
  76:.\Generated_Source\PSoC4/SPIM_1_PM.c **** *  SPIM_1_backup - used when non-retention registers are restored.
  77:.\Generated_Source\PSoC4/SPIM_1_PM.c **** *
  78:.\Generated_Source\PSoC4/SPIM_1_PM.c **** * Side Effects:
  79:.\Generated_Source\PSoC4/SPIM_1_PM.c **** *  If this API is called without first calling SaveConfig then in the following
  80:.\Generated_Source\PSoC4/SPIM_1_PM.c **** *  registers will be default values from Customizer:
  81:.\Generated_Source\PSoC4/SPIM_1_PM.c **** *  SPIM_1_STATUS_MASK_REG and SPIM_1_COUNTER_PERIOD_REG.
  82:.\Generated_Source\PSoC4/SPIM_1_PM.c **** *
  83:.\Generated_Source\PSoC4/SPIM_1_PM.c **** *******************************************************************************/
  84:.\Generated_Source\PSoC4/SPIM_1_PM.c **** void SPIM_1_RestoreConfig(void) 
  85:.\Generated_Source\PSoC4/SPIM_1_PM.c **** {
  42              		.loc 1 85 0
  43              		.cfi_startproc
  86:.\Generated_Source\PSoC4/SPIM_1_PM.c ****     /* Restore the data, saved by SaveConfig() function */
  87:.\Generated_Source\PSoC4/SPIM_1_PM.c ****     #if(CY_UDB_V0)
  88:.\Generated_Source\PSoC4/SPIM_1_PM.c ****         SPIM_1_COUNTER_PERIOD_REG = SPIM_1_backup.cntrPeriod;
  89:.\Generated_Source\PSoC4/SPIM_1_PM.c ****         SPIM_1_TX_STATUS_MASK_REG = ((uint8) SPIM_1_backup.saveSrTxIntMask);
  90:.\Generated_Source\PSoC4/SPIM_1_PM.c ****         SPIM_1_RX_STATUS_MASK_REG = ((uint8) SPIM_1_backup.saveSrRxIntMask);
  91:.\Generated_Source\PSoC4/SPIM_1_PM.c ****     #endif /* (CY_UDB_V0) */
  92:.\Generated_Source\PSoC4/SPIM_1_PM.c **** }
  44              		.loc 1 92 0
  45              		@ sp needed for prologue
  46 0000 7047     		bx	lr
  47              		.cfi_endproc
  48              	.LFE1:
  49              		.size	SPIM_1_RestoreConfig, .-SPIM_1_RestoreConfig
  50              		.section	.text.SPIM_1_Sleep,"ax",%progbits
  51              		.align	1
  52              		.global	SPIM_1_Sleep
  53              		.code	16
  54              		.thumb_func
  55              		.type	SPIM_1_Sleep, %function
  56              	SPIM_1_Sleep:
  57              	.LFB2:
  93:.\Generated_Source\PSoC4/SPIM_1_PM.c **** 
  94:.\Generated_Source\PSoC4/SPIM_1_PM.c **** 
  95:.\Generated_Source\PSoC4/SPIM_1_PM.c **** /*******************************************************************************
  96:.\Generated_Source\PSoC4/SPIM_1_PM.c **** * Function Name: SPIM_1_Sleep
  97:.\Generated_Source\PSoC4/SPIM_1_PM.c **** ********************************************************************************
  98:.\Generated_Source\PSoC4/SPIM_1_PM.c **** *
  99:.\Generated_Source\PSoC4/SPIM_1_PM.c **** * Summary:
 100:.\Generated_Source\PSoC4/SPIM_1_PM.c **** *  Prepare SPIM Component goes to sleep.
 101:.\Generated_Source\PSoC4/SPIM_1_PM.c **** *
 102:.\Generated_Source\PSoC4/SPIM_1_PM.c **** * Parameters:
 103:.\Generated_Source\PSoC4/SPIM_1_PM.c **** *  None.
 104:.\Generated_Source\PSoC4/SPIM_1_PM.c **** *
 105:.\Generated_Source\PSoC4/SPIM_1_PM.c **** * Return:
 106:.\Generated_Source\PSoC4/SPIM_1_PM.c **** *  None.
 107:.\Generated_Source\PSoC4/SPIM_1_PM.c **** *
 108:.\Generated_Source\PSoC4/SPIM_1_PM.c **** * Global Variables:
 109:.\Generated_Source\PSoC4/SPIM_1_PM.c **** *  SPIM_1_backup - modified when non-retention registers are saved.
 110:.\Generated_Source\PSoC4/SPIM_1_PM.c **** *
 111:.\Generated_Source\PSoC4/SPIM_1_PM.c **** * Reentrant:
 112:.\Generated_Source\PSoC4/SPIM_1_PM.c **** *  No.
 113:.\Generated_Source\PSoC4/SPIM_1_PM.c **** *
 114:.\Generated_Source\PSoC4/SPIM_1_PM.c **** *******************************************************************************/
ARM GAS  C:\Users\Milo\AppData\Local\Temp\cckUXMtp.s 			page 4


 115:.\Generated_Source\PSoC4/SPIM_1_PM.c **** void SPIM_1_Sleep(void) 
 116:.\Generated_Source\PSoC4/SPIM_1_PM.c **** {
  58              		.loc 1 116 0
  59              		.cfi_startproc
  60 0000 08B5     		push	{r3, lr}
  61              	.LCFI0:
  62              		.cfi_def_cfa_offset 8
  63              		.cfi_offset 3, -8
  64              		.cfi_offset 14, -4
 117:.\Generated_Source\PSoC4/SPIM_1_PM.c ****     /* Save components enable state */
 118:.\Generated_Source\PSoC4/SPIM_1_PM.c ****     SPIM_1_backup.enableState = ((uint8) SPIM_1_IS_ENABLED);
  65              		.loc 1 118 0
  66 0002 044B     		ldr	r3, .L4
 119:.\Generated_Source\PSoC4/SPIM_1_PM.c **** 
 120:.\Generated_Source\PSoC4/SPIM_1_PM.c ****     SPIM_1_Stop();
 121:.\Generated_Source\PSoC4/SPIM_1_PM.c ****     SPIM_1_SaveConfig();
 122:.\Generated_Source\PSoC4/SPIM_1_PM.c **** }
  67              		.loc 1 122 0
  68              		@ sp needed for prologue
 118:.\Generated_Source\PSoC4/SPIM_1_PM.c ****     SPIM_1_backup.enableState = ((uint8) SPIM_1_IS_ENABLED);
  69              		.loc 1 118 0
  70 0004 1A78     		ldrb	r2, [r3]
  71 0006 044B     		ldr	r3, .L4+4
  72 0008 D006     		lsl	r0, r2, #27
  73 000a C10F     		lsr	r1, r0, #31
  74 000c 1970     		strb	r1, [r3]
 120:.\Generated_Source\PSoC4/SPIM_1_PM.c ****     SPIM_1_Stop();
  75              		.loc 1 120 0
  76 000e FFF7FEFF 		bl	SPIM_1_Stop
  77              	.LVL0:
  78              		.loc 1 122 0
  79 0012 08BD     		pop	{r3, pc}
  80              	.L5:
  81              		.align	2
  82              	.L4:
  83 0014 93000F40 		.word	1074725011
  84 0018 00000000 		.word	.LANCHOR0
  85              		.cfi_endproc
  86              	.LFE2:
  87              		.size	SPIM_1_Sleep, .-SPIM_1_Sleep
  88              		.section	.text.SPIM_1_Wakeup,"ax",%progbits
  89              		.align	1
  90              		.global	SPIM_1_Wakeup
  91              		.code	16
  92              		.thumb_func
  93              		.type	SPIM_1_Wakeup, %function
  94              	SPIM_1_Wakeup:
  95              	.LFB3:
 123:.\Generated_Source\PSoC4/SPIM_1_PM.c **** 
 124:.\Generated_Source\PSoC4/SPIM_1_PM.c **** 
 125:.\Generated_Source\PSoC4/SPIM_1_PM.c **** /*******************************************************************************
 126:.\Generated_Source\PSoC4/SPIM_1_PM.c **** * Function Name: SPIM_1_Wakeup
 127:.\Generated_Source\PSoC4/SPIM_1_PM.c **** ********************************************************************************
 128:.\Generated_Source\PSoC4/SPIM_1_PM.c **** *
 129:.\Generated_Source\PSoC4/SPIM_1_PM.c **** * Summary:
 130:.\Generated_Source\PSoC4/SPIM_1_PM.c **** *  Prepare SPIM Component to wake up.
 131:.\Generated_Source\PSoC4/SPIM_1_PM.c **** *
ARM GAS  C:\Users\Milo\AppData\Local\Temp\cckUXMtp.s 			page 5


 132:.\Generated_Source\PSoC4/SPIM_1_PM.c **** * Parameters:
 133:.\Generated_Source\PSoC4/SPIM_1_PM.c **** *  None.
 134:.\Generated_Source\PSoC4/SPIM_1_PM.c **** *
 135:.\Generated_Source\PSoC4/SPIM_1_PM.c **** * Return:
 136:.\Generated_Source\PSoC4/SPIM_1_PM.c **** *  None.
 137:.\Generated_Source\PSoC4/SPIM_1_PM.c **** *
 138:.\Generated_Source\PSoC4/SPIM_1_PM.c **** * Global Variables:
 139:.\Generated_Source\PSoC4/SPIM_1_PM.c **** *  SPIM_1_backup - used when non-retention registers are restored.
 140:.\Generated_Source\PSoC4/SPIM_1_PM.c **** *  SPIM_1_txBufferWrite - modified every function call - resets to
 141:.\Generated_Source\PSoC4/SPIM_1_PM.c **** *  zero.
 142:.\Generated_Source\PSoC4/SPIM_1_PM.c **** *  SPIM_1_txBufferRead - modified every function call - resets to
 143:.\Generated_Source\PSoC4/SPIM_1_PM.c **** *  zero.
 144:.\Generated_Source\PSoC4/SPIM_1_PM.c **** *  SPIM_1_rxBufferWrite - modified every function call - resets to
 145:.\Generated_Source\PSoC4/SPIM_1_PM.c **** *  zero.
 146:.\Generated_Source\PSoC4/SPIM_1_PM.c **** *  SPIM_1_rxBufferRead - modified every function call - resets to
 147:.\Generated_Source\PSoC4/SPIM_1_PM.c **** *  zero.
 148:.\Generated_Source\PSoC4/SPIM_1_PM.c **** *
 149:.\Generated_Source\PSoC4/SPIM_1_PM.c **** * Reentrant:
 150:.\Generated_Source\PSoC4/SPIM_1_PM.c **** *  No.
 151:.\Generated_Source\PSoC4/SPIM_1_PM.c **** *
 152:.\Generated_Source\PSoC4/SPIM_1_PM.c **** *******************************************************************************/
 153:.\Generated_Source\PSoC4/SPIM_1_PM.c **** void SPIM_1_Wakeup(void) 
 154:.\Generated_Source\PSoC4/SPIM_1_PM.c **** {
  96              		.loc 1 154 0
  97              		.cfi_startproc
  98 0000 08B5     		push	{r3, lr}
  99              	.LCFI1:
 100              		.cfi_def_cfa_offset 8
 101              		.cfi_offset 3, -8
 102              		.cfi_offset 14, -4
 155:.\Generated_Source\PSoC4/SPIM_1_PM.c ****     SPIM_1_RestoreConfig();
 156:.\Generated_Source\PSoC4/SPIM_1_PM.c **** 
 157:.\Generated_Source\PSoC4/SPIM_1_PM.c ****     #if(SPIM_1_RX_SOFTWARE_BUF_ENABLED)
 158:.\Generated_Source\PSoC4/SPIM_1_PM.c ****         SPIM_1_rxBufferFull  = 0u;
 159:.\Generated_Source\PSoC4/SPIM_1_PM.c ****         SPIM_1_rxBufferRead  = 0u;
 160:.\Generated_Source\PSoC4/SPIM_1_PM.c ****         SPIM_1_rxBufferWrite = 0u;
 161:.\Generated_Source\PSoC4/SPIM_1_PM.c ****     #endif /* (SPIM_1_RX_SOFTWARE_BUF_ENABLED) */
 162:.\Generated_Source\PSoC4/SPIM_1_PM.c **** 
 163:.\Generated_Source\PSoC4/SPIM_1_PM.c ****     #if(SPIM_1_TX_SOFTWARE_BUF_ENABLED)
 164:.\Generated_Source\PSoC4/SPIM_1_PM.c ****         SPIM_1_txBufferFull  = 0u;
 165:.\Generated_Source\PSoC4/SPIM_1_PM.c ****         SPIM_1_txBufferRead  = 0u;
 166:.\Generated_Source\PSoC4/SPIM_1_PM.c ****         SPIM_1_txBufferWrite = 0u;
 167:.\Generated_Source\PSoC4/SPIM_1_PM.c ****     #endif /* (SPIM_1_TX_SOFTWARE_BUF_ENABLED) */
 168:.\Generated_Source\PSoC4/SPIM_1_PM.c **** 
 169:.\Generated_Source\PSoC4/SPIM_1_PM.c ****     /* Clear any data from the RX and TX FIFO */
 170:.\Generated_Source\PSoC4/SPIM_1_PM.c ****     SPIM_1_ClearFIFO();
 103              		.loc 1 170 0
 104 0002 FFF7FEFF 		bl	SPIM_1_ClearFIFO
 105              	.LVL1:
 171:.\Generated_Source\PSoC4/SPIM_1_PM.c **** 
 172:.\Generated_Source\PSoC4/SPIM_1_PM.c ****     /* Restore components block enable state */
 173:.\Generated_Source\PSoC4/SPIM_1_PM.c ****     if(0u != SPIM_1_backup.enableState)
 106              		.loc 1 173 0
 107 0006 034B     		ldr	r3, .L12
 108 0008 1878     		ldrb	r0, [r3]
 109 000a 0028     		cmp	r0, #0
 110 000c 01D0     		beq	.L6
ARM GAS  C:\Users\Milo\AppData\Local\Temp\cckUXMtp.s 			page 6


 174:.\Generated_Source\PSoC4/SPIM_1_PM.c ****     {
 175:.\Generated_Source\PSoC4/SPIM_1_PM.c ****         SPIM_1_Enable();
 111              		.loc 1 175 0
 112 000e FFF7FEFF 		bl	SPIM_1_Enable
 113              	.LVL2:
 114              	.L6:
 176:.\Generated_Source\PSoC4/SPIM_1_PM.c ****     }
 177:.\Generated_Source\PSoC4/SPIM_1_PM.c **** }
 115              		.loc 1 177 0
 116              		@ sp needed for prologue
 117 0012 08BD     		pop	{r3, pc}
 118              	.L13:
 119              		.align	2
 120              	.L12:
 121 0014 00000000 		.word	.LANCHOR0
 122              		.cfi_endproc
 123              	.LFE3:
 124              		.size	SPIM_1_Wakeup, .-SPIM_1_Wakeup
 125              		.data
 126              		.set	.LANCHOR0,. + 0
 127              		.type	SPIM_1_backup, %object
 128              		.size	SPIM_1_backup, 2
 129              	SPIM_1_backup:
 130 0000 00       		.byte	0
 131 0001 0F       		.byte	15
 132              		.text
 133              	.Letext0:
 134              		.file 2 ".\\Generated_Source\\PSoC4\\cytypes.h"
 135              		.file 3 ".\\Generated_Source\\PSoC4\\SPIM_1.h"
 136              		.section	.debug_info,"",%progbits
 137              	.Ldebug_info0:
 138 0000 89010000 		.4byte	0x189
 139 0004 0200     		.2byte	0x2
 140 0006 00000000 		.4byte	.Ldebug_abbrev0
 141 000a 04       		.byte	0x4
 142 000b 01       		.uleb128 0x1
 143 000c A2000000 		.4byte	.LASF25
 144 0010 01       		.byte	0x1
 145 0011 3D010000 		.4byte	.LASF26
 146 0015 39000000 		.4byte	.LASF27
 147 0019 00000000 		.4byte	.Ldebug_ranges0+0
 148 001d 00000000 		.4byte	0
 149 0021 00000000 		.4byte	0
 150 0025 00000000 		.4byte	.Ldebug_line0
 151 0029 02       		.uleb128 0x2
 152 002a 01       		.byte	0x1
 153 002b 06       		.byte	0x6
 154 002c DB010000 		.4byte	.LASF0
 155 0030 02       		.uleb128 0x2
 156 0031 01       		.byte	0x1
 157 0032 08       		.byte	0x8
 158 0033 62010000 		.4byte	.LASF1
 159 0037 02       		.uleb128 0x2
 160 0038 02       		.byte	0x2
 161 0039 05       		.byte	0x5
 162 003a FB010000 		.4byte	.LASF2
 163 003e 02       		.uleb128 0x2
ARM GAS  C:\Users\Milo\AppData\Local\Temp\cckUXMtp.s 			page 7


 164 003f 02       		.byte	0x2
 165 0040 07       		.byte	0x7
 166 0041 C8010000 		.4byte	.LASF3
 167 0045 02       		.uleb128 0x2
 168 0046 04       		.byte	0x4
 169 0047 05       		.byte	0x5
 170 0048 82010000 		.4byte	.LASF4
 171 004c 02       		.uleb128 0x2
 172 004d 04       		.byte	0x4
 173 004e 07       		.byte	0x7
 174 004f F1000000 		.4byte	.LASF5
 175 0053 02       		.uleb128 0x2
 176 0054 08       		.byte	0x8
 177 0055 05       		.byte	0x5
 178 0056 00000000 		.4byte	.LASF6
 179 005a 02       		.uleb128 0x2
 180 005b 08       		.byte	0x8
 181 005c 07       		.byte	0x7
 182 005d 03010000 		.4byte	.LASF7
 183 0061 03       		.uleb128 0x3
 184 0062 04       		.byte	0x4
 185 0063 05       		.byte	0x5
 186 0064 696E7400 		.ascii	"int\000"
 187 0068 02       		.uleb128 0x2
 188 0069 04       		.byte	0x4
 189 006a 07       		.byte	0x7
 190 006b 2C000000 		.4byte	.LASF8
 191 006f 04       		.uleb128 0x4
 192 0070 EB000000 		.4byte	.LASF12
 193 0074 02       		.byte	0x2
 194 0075 5B       		.byte	0x5b
 195 0076 30000000 		.4byte	0x30
 196 007a 02       		.uleb128 0x2
 197 007b 04       		.byte	0x4
 198 007c 04       		.byte	0x4
 199 007d F5010000 		.4byte	.LASF9
 200 0081 02       		.uleb128 0x2
 201 0082 08       		.byte	0x8
 202 0083 04       		.byte	0x4
 203 0084 97010000 		.4byte	.LASF10
 204 0088 02       		.uleb128 0x2
 205 0089 01       		.byte	0x1
 206 008a 08       		.byte	0x8
 207 008b 7D010000 		.4byte	.LASF11
 208 008f 04       		.uleb128 0x4
 209 0090 05020000 		.4byte	.LASF13
 210 0094 02       		.byte	0x2
 211 0095 F0       		.byte	0xf0
 212 0096 9A000000 		.4byte	0x9a
 213 009a 05       		.uleb128 0x5
 214 009b 6F000000 		.4byte	0x6f
 215 009f 02       		.uleb128 0x2
 216 00a0 04       		.byte	0x4
 217 00a1 07       		.byte	0x7
 218 00a2 0A020000 		.4byte	.LASF14
 219 00a6 06       		.uleb128 0x6
 220 00a7 02       		.byte	0x2
ARM GAS  C:\Users\Milo\AppData\Local\Temp\cckUXMtp.s 			page 8


 221 00a8 03       		.byte	0x3
 222 00a9 46       		.byte	0x46
 223 00aa CB000000 		.4byte	0xcb
 224 00ae 07       		.uleb128 0x7
 225 00af 8B010000 		.4byte	.LASF15
 226 00b3 03       		.byte	0x3
 227 00b4 48       		.byte	0x48
 228 00b5 6F000000 		.4byte	0x6f
 229 00b9 02       		.byte	0x2
 230 00ba 23       		.byte	0x23
 231 00bb 00       		.uleb128 0
 232 00bc 07       		.uleb128 0x7
 233 00bd BD010000 		.4byte	.LASF16
 234 00c1 03       		.byte	0x3
 235 00c2 49       		.byte	0x49
 236 00c3 6F000000 		.4byte	0x6f
 237 00c7 02       		.byte	0x2
 238 00c8 23       		.byte	0x23
 239 00c9 01       		.uleb128 0x1
 240 00ca 00       		.byte	0
 241 00cb 04       		.uleb128 0x4
 242 00cc 1A010000 		.4byte	.LASF17
 243 00d0 03       		.byte	0x3
 244 00d1 4F       		.byte	0x4f
 245 00d2 A6000000 		.4byte	0xa6
 246 00d6 08       		.uleb128 0x8
 247 00d7 01       		.byte	0x1
 248 00d8 0E000000 		.4byte	.LASF18
 249 00dc 01       		.byte	0x1
 250 00dd 33       		.byte	0x33
 251 00de 01       		.byte	0x1
 252 00df 01       		.byte	0x1
 253 00e0 08       		.uleb128 0x8
 254 00e1 01       		.byte	0x1
 255 00e2 8D000000 		.4byte	.LASF19
 256 00e6 01       		.byte	0x1
 257 00e7 54       		.byte	0x54
 258 00e8 01       		.byte	0x1
 259 00e9 01       		.byte	0x1
 260 00ea 09       		.uleb128 0x9
 261 00eb D6000000 		.4byte	0xd6
 262 00ef 00000000 		.4byte	.LFB0
 263 00f3 02000000 		.4byte	.LFE0
 264 00f7 02       		.byte	0x2
 265 00f8 7D       		.byte	0x7d
 266 00f9 00       		.sleb128 0
 267 00fa 01       		.byte	0x1
 268 00fb 09       		.uleb128 0x9
 269 00fc E0000000 		.4byte	0xe0
 270 0100 00000000 		.4byte	.LFB1
 271 0104 02000000 		.4byte	.LFE1
 272 0108 02       		.byte	0x2
 273 0109 7D       		.byte	0x7d
 274 010a 00       		.sleb128 0
 275 010b 01       		.byte	0x1
 276 010c 0A       		.uleb128 0xa
 277 010d 01       		.byte	0x1
ARM GAS  C:\Users\Milo\AppData\Local\Temp\cckUXMtp.s 			page 9


 278 010e 70010000 		.4byte	.LASF20
 279 0112 01       		.byte	0x1
 280 0113 73       		.byte	0x73
 281 0114 01       		.byte	0x1
 282 0115 00000000 		.4byte	.LFB2
 283 0119 1C000000 		.4byte	.LFE2
 284 011d 00000000 		.4byte	.LLST0
 285 0121 01       		.byte	0x1
 286 0122 30010000 		.4byte	0x130
 287 0126 0B       		.uleb128 0xb
 288 0127 12000000 		.4byte	.LVL0
 289 012b 6E010000 		.4byte	0x16e
 290 012f 00       		.byte	0
 291 0130 0A       		.uleb128 0xa
 292 0131 01       		.byte	0x1
 293 0132 AF010000 		.4byte	.LASF21
 294 0136 01       		.byte	0x1
 295 0137 99       		.byte	0x99
 296 0138 01       		.byte	0x1
 297 0139 00000000 		.4byte	.LFB3
 298 013d 18000000 		.4byte	.LFE3
 299 0141 20000000 		.4byte	.LLST1
 300 0145 01       		.byte	0x1
 301 0146 5D010000 		.4byte	0x15d
 302 014a 0B       		.uleb128 0xb
 303 014b 06000000 		.4byte	.LVL1
 304 014f 78010000 		.4byte	0x178
 305 0153 0B       		.uleb128 0xb
 306 0154 12000000 		.4byte	.LVL2
 307 0158 82010000 		.4byte	0x182
 308 015c 00       		.byte	0
 309 015d 0C       		.uleb128 0xc
 310 015e 2F010000 		.4byte	.LASF28
 311 0162 01       		.byte	0x1
 312 0163 14       		.byte	0x14
 313 0164 CB000000 		.4byte	0xcb
 314 0168 05       		.byte	0x5
 315 0169 03       		.byte	0x3
 316 016a 00000000 		.4byte	SPIM_1_backup
 317 016e 0D       		.uleb128 0xd
 318 016f 01       		.byte	0x1
 319 0170 20000000 		.4byte	.LASF22
 320 0174 03       		.byte	0x3
 321 0175 59       		.byte	0x59
 322 0176 01       		.byte	0x1
 323 0177 01       		.byte	0x1
 324 0178 0D       		.uleb128 0xd
 325 0179 01       		.byte	0x1
 326 017a 9E010000 		.4byte	.LASF23
 327 017e 03       		.byte	0x3
 328 017f 71       		.byte	0x71
 329 0180 01       		.byte	0x1
 330 0181 01       		.byte	0x1
 331 0182 0D       		.uleb128 0xd
 332 0183 01       		.byte	0x1
 333 0184 E7010000 		.4byte	.LASF24
 334 0188 03       		.byte	0x3
ARM GAS  C:\Users\Milo\AppData\Local\Temp\cckUXMtp.s 			page 10


 335 0189 57       		.byte	0x57
 336 018a 01       		.byte	0x1
 337 018b 01       		.byte	0x1
 338 018c 00       		.byte	0
 339              		.section	.debug_abbrev,"",%progbits
 340              	.Ldebug_abbrev0:
 341 0000 01       		.uleb128 0x1
 342 0001 11       		.uleb128 0x11
 343 0002 01       		.byte	0x1
 344 0003 25       		.uleb128 0x25
 345 0004 0E       		.uleb128 0xe
 346 0005 13       		.uleb128 0x13
 347 0006 0B       		.uleb128 0xb
 348 0007 03       		.uleb128 0x3
 349 0008 0E       		.uleb128 0xe
 350 0009 1B       		.uleb128 0x1b
 351 000a 0E       		.uleb128 0xe
 352 000b 55       		.uleb128 0x55
 353 000c 06       		.uleb128 0x6
 354 000d 11       		.uleb128 0x11
 355 000e 01       		.uleb128 0x1
 356 000f 52       		.uleb128 0x52
 357 0010 01       		.uleb128 0x1
 358 0011 10       		.uleb128 0x10
 359 0012 06       		.uleb128 0x6
 360 0013 00       		.byte	0
 361 0014 00       		.byte	0
 362 0015 02       		.uleb128 0x2
 363 0016 24       		.uleb128 0x24
 364 0017 00       		.byte	0
 365 0018 0B       		.uleb128 0xb
 366 0019 0B       		.uleb128 0xb
 367 001a 3E       		.uleb128 0x3e
 368 001b 0B       		.uleb128 0xb
 369 001c 03       		.uleb128 0x3
 370 001d 0E       		.uleb128 0xe
 371 001e 00       		.byte	0
 372 001f 00       		.byte	0
 373 0020 03       		.uleb128 0x3
 374 0021 24       		.uleb128 0x24
 375 0022 00       		.byte	0
 376 0023 0B       		.uleb128 0xb
 377 0024 0B       		.uleb128 0xb
 378 0025 3E       		.uleb128 0x3e
 379 0026 0B       		.uleb128 0xb
 380 0027 03       		.uleb128 0x3
 381 0028 08       		.uleb128 0x8
 382 0029 00       		.byte	0
 383 002a 00       		.byte	0
 384 002b 04       		.uleb128 0x4
 385 002c 16       		.uleb128 0x16
 386 002d 00       		.byte	0
 387 002e 03       		.uleb128 0x3
 388 002f 0E       		.uleb128 0xe
 389 0030 3A       		.uleb128 0x3a
 390 0031 0B       		.uleb128 0xb
 391 0032 3B       		.uleb128 0x3b
ARM GAS  C:\Users\Milo\AppData\Local\Temp\cckUXMtp.s 			page 11


 392 0033 0B       		.uleb128 0xb
 393 0034 49       		.uleb128 0x49
 394 0035 13       		.uleb128 0x13
 395 0036 00       		.byte	0
 396 0037 00       		.byte	0
 397 0038 05       		.uleb128 0x5
 398 0039 35       		.uleb128 0x35
 399 003a 00       		.byte	0
 400 003b 49       		.uleb128 0x49
 401 003c 13       		.uleb128 0x13
 402 003d 00       		.byte	0
 403 003e 00       		.byte	0
 404 003f 06       		.uleb128 0x6
 405 0040 13       		.uleb128 0x13
 406 0041 01       		.byte	0x1
 407 0042 0B       		.uleb128 0xb
 408 0043 0B       		.uleb128 0xb
 409 0044 3A       		.uleb128 0x3a
 410 0045 0B       		.uleb128 0xb
 411 0046 3B       		.uleb128 0x3b
 412 0047 0B       		.uleb128 0xb
 413 0048 01       		.uleb128 0x1
 414 0049 13       		.uleb128 0x13
 415 004a 00       		.byte	0
 416 004b 00       		.byte	0
 417 004c 07       		.uleb128 0x7
 418 004d 0D       		.uleb128 0xd
 419 004e 00       		.byte	0
 420 004f 03       		.uleb128 0x3
 421 0050 0E       		.uleb128 0xe
 422 0051 3A       		.uleb128 0x3a
 423 0052 0B       		.uleb128 0xb
 424 0053 3B       		.uleb128 0x3b
 425 0054 0B       		.uleb128 0xb
 426 0055 49       		.uleb128 0x49
 427 0056 13       		.uleb128 0x13
 428 0057 38       		.uleb128 0x38
 429 0058 0A       		.uleb128 0xa
 430 0059 00       		.byte	0
 431 005a 00       		.byte	0
 432 005b 08       		.uleb128 0x8
 433 005c 2E       		.uleb128 0x2e
 434 005d 00       		.byte	0
 435 005e 3F       		.uleb128 0x3f
 436 005f 0C       		.uleb128 0xc
 437 0060 03       		.uleb128 0x3
 438 0061 0E       		.uleb128 0xe
 439 0062 3A       		.uleb128 0x3a
 440 0063 0B       		.uleb128 0xb
 441 0064 3B       		.uleb128 0x3b
 442 0065 0B       		.uleb128 0xb
 443 0066 27       		.uleb128 0x27
 444 0067 0C       		.uleb128 0xc
 445 0068 20       		.uleb128 0x20
 446 0069 0B       		.uleb128 0xb
 447 006a 00       		.byte	0
 448 006b 00       		.byte	0
ARM GAS  C:\Users\Milo\AppData\Local\Temp\cckUXMtp.s 			page 12


 449 006c 09       		.uleb128 0x9
 450 006d 2E       		.uleb128 0x2e
 451 006e 00       		.byte	0
 452 006f 31       		.uleb128 0x31
 453 0070 13       		.uleb128 0x13
 454 0071 11       		.uleb128 0x11
 455 0072 01       		.uleb128 0x1
 456 0073 12       		.uleb128 0x12
 457 0074 01       		.uleb128 0x1
 458 0075 40       		.uleb128 0x40
 459 0076 0A       		.uleb128 0xa
 460 0077 9742     		.uleb128 0x2117
 461 0079 0C       		.uleb128 0xc
 462 007a 00       		.byte	0
 463 007b 00       		.byte	0
 464 007c 0A       		.uleb128 0xa
 465 007d 2E       		.uleb128 0x2e
 466 007e 01       		.byte	0x1
 467 007f 3F       		.uleb128 0x3f
 468 0080 0C       		.uleb128 0xc
 469 0081 03       		.uleb128 0x3
 470 0082 0E       		.uleb128 0xe
 471 0083 3A       		.uleb128 0x3a
 472 0084 0B       		.uleb128 0xb
 473 0085 3B       		.uleb128 0x3b
 474 0086 0B       		.uleb128 0xb
 475 0087 27       		.uleb128 0x27
 476 0088 0C       		.uleb128 0xc
 477 0089 11       		.uleb128 0x11
 478 008a 01       		.uleb128 0x1
 479 008b 12       		.uleb128 0x12
 480 008c 01       		.uleb128 0x1
 481 008d 40       		.uleb128 0x40
 482 008e 06       		.uleb128 0x6
 483 008f 9742     		.uleb128 0x2117
 484 0091 0C       		.uleb128 0xc
 485 0092 01       		.uleb128 0x1
 486 0093 13       		.uleb128 0x13
 487 0094 00       		.byte	0
 488 0095 00       		.byte	0
 489 0096 0B       		.uleb128 0xb
 490 0097 898201   		.uleb128 0x4109
 491 009a 00       		.byte	0
 492 009b 11       		.uleb128 0x11
 493 009c 01       		.uleb128 0x1
 494 009d 31       		.uleb128 0x31
 495 009e 13       		.uleb128 0x13
 496 009f 00       		.byte	0
 497 00a0 00       		.byte	0
 498 00a1 0C       		.uleb128 0xc
 499 00a2 34       		.uleb128 0x34
 500 00a3 00       		.byte	0
 501 00a4 03       		.uleb128 0x3
 502 00a5 0E       		.uleb128 0xe
 503 00a6 3A       		.uleb128 0x3a
 504 00a7 0B       		.uleb128 0xb
 505 00a8 3B       		.uleb128 0x3b
ARM GAS  C:\Users\Milo\AppData\Local\Temp\cckUXMtp.s 			page 13


 506 00a9 0B       		.uleb128 0xb
 507 00aa 49       		.uleb128 0x49
 508 00ab 13       		.uleb128 0x13
 509 00ac 02       		.uleb128 0x2
 510 00ad 0A       		.uleb128 0xa
 511 00ae 00       		.byte	0
 512 00af 00       		.byte	0
 513 00b0 0D       		.uleb128 0xd
 514 00b1 2E       		.uleb128 0x2e
 515 00b2 00       		.byte	0
 516 00b3 3F       		.uleb128 0x3f
 517 00b4 0C       		.uleb128 0xc
 518 00b5 03       		.uleb128 0x3
 519 00b6 0E       		.uleb128 0xe
 520 00b7 3A       		.uleb128 0x3a
 521 00b8 0B       		.uleb128 0xb
 522 00b9 3B       		.uleb128 0x3b
 523 00ba 0B       		.uleb128 0xb
 524 00bb 27       		.uleb128 0x27
 525 00bc 0C       		.uleb128 0xc
 526 00bd 3C       		.uleb128 0x3c
 527 00be 0C       		.uleb128 0xc
 528 00bf 00       		.byte	0
 529 00c0 00       		.byte	0
 530 00c1 00       		.byte	0
 531              		.section	.debug_loc,"",%progbits
 532              	.Ldebug_loc0:
 533              	.LLST0:
 534 0000 00000000 		.4byte	.LFB2
 535 0004 02000000 		.4byte	.LCFI0
 536 0008 0200     		.2byte	0x2
 537 000a 7D       		.byte	0x7d
 538 000b 00       		.sleb128 0
 539 000c 02000000 		.4byte	.LCFI0
 540 0010 1C000000 		.4byte	.LFE2
 541 0014 0200     		.2byte	0x2
 542 0016 7D       		.byte	0x7d
 543 0017 08       		.sleb128 8
 544 0018 00000000 		.4byte	0
 545 001c 00000000 		.4byte	0
 546              	.LLST1:
 547 0020 00000000 		.4byte	.LFB3
 548 0024 02000000 		.4byte	.LCFI1
 549 0028 0200     		.2byte	0x2
 550 002a 7D       		.byte	0x7d
 551 002b 00       		.sleb128 0
 552 002c 02000000 		.4byte	.LCFI1
 553 0030 18000000 		.4byte	.LFE3
 554 0034 0200     		.2byte	0x2
 555 0036 7D       		.byte	0x7d
 556 0037 08       		.sleb128 8
 557 0038 00000000 		.4byte	0
 558 003c 00000000 		.4byte	0
 559              		.section	.debug_aranges,"",%progbits
 560 0000 34000000 		.4byte	0x34
 561 0004 0200     		.2byte	0x2
 562 0006 00000000 		.4byte	.Ldebug_info0
ARM GAS  C:\Users\Milo\AppData\Local\Temp\cckUXMtp.s 			page 14


 563 000a 04       		.byte	0x4
 564 000b 00       		.byte	0
 565 000c 0000     		.2byte	0
 566 000e 0000     		.2byte	0
 567 0010 00000000 		.4byte	.LFB0
 568 0014 02000000 		.4byte	.LFE0-.LFB0
 569 0018 00000000 		.4byte	.LFB1
 570 001c 02000000 		.4byte	.LFE1-.LFB1
 571 0020 00000000 		.4byte	.LFB2
 572 0024 1C000000 		.4byte	.LFE2-.LFB2
 573 0028 00000000 		.4byte	.LFB3
 574 002c 18000000 		.4byte	.LFE3-.LFB3
 575 0030 00000000 		.4byte	0
 576 0034 00000000 		.4byte	0
 577              		.section	.debug_ranges,"",%progbits
 578              	.Ldebug_ranges0:
 579 0000 00000000 		.4byte	.LFB0
 580 0004 02000000 		.4byte	.LFE0
 581 0008 00000000 		.4byte	.LFB1
 582 000c 02000000 		.4byte	.LFE1
 583 0010 00000000 		.4byte	.LFB2
 584 0014 1C000000 		.4byte	.LFE2
 585 0018 00000000 		.4byte	.LFB3
 586 001c 18000000 		.4byte	.LFE3
 587 0020 00000000 		.4byte	0
 588 0024 00000000 		.4byte	0
 589              		.section	.debug_line,"",%progbits
 590              	.Ldebug_line0:
 591 0000 A6000000 		.section	.debug_str,"MS",%progbits,1
 591      02005400 
 591      00000201 
 591      FB0E0D00 
 591      01010101 
 592              	.LASF6:
 593 0000 6C6F6E67 		.ascii	"long long int\000"
 593      206C6F6E 
 593      6720696E 
 593      7400
 594              	.LASF18:
 595 000e 5350494D 		.ascii	"SPIM_1_SaveConfig\000"
 595      5F315F53 
 595      61766543 
 595      6F6E6669 
 595      6700
 596              	.LASF22:
 597 0020 5350494D 		.ascii	"SPIM_1_Stop\000"
 597      5F315F53 
 597      746F7000 
 598              	.LASF8:
 599 002c 756E7369 		.ascii	"unsigned int\000"
 599      676E6564 
 599      20696E74 
 599      00
 600              	.LASF27:
 601 0039 433A5C55 		.ascii	"C:\\Users\\Milo\\Documents\\PSoC Creator\\DPI_Deskt"
 601      73657273 
 601      5C4D696C 
ARM GAS  C:\Users\Milo\AppData\Local\Temp\cckUXMtp.s 			page 15


 601      6F5C446F 
 601      63756D65 
 602 0067 6F705F54 		.ascii	"op_Tester\\Desktop_Tool_Emulator.cydsn\000"
 602      65737465 
 602      725C4465 
 602      736B746F 
 602      705F546F 
 603              	.LASF19:
 604 008d 5350494D 		.ascii	"SPIM_1_RestoreConfig\000"
 604      5F315F52 
 604      6573746F 
 604      7265436F 
 604      6E666967 
 605              	.LASF25:
 606 00a2 474E5520 		.ascii	"GNU C 4.7.3 20130312 (release) [ARM/embedded-4_7-br"
 606      4320342E 
 606      372E3320 
 606      32303133 
 606      30333132 
 607 00d5 616E6368 		.ascii	"anch revision 196615]\000"
 607      20726576 
 607      6973696F 
 607      6E203139 
 607      36363135 
 608              	.LASF12:
 609 00eb 75696E74 		.ascii	"uint8\000"
 609      3800
 610              	.LASF5:
 611 00f1 6C6F6E67 		.ascii	"long unsigned int\000"
 611      20756E73 
 611      69676E65 
 611      6420696E 
 611      7400
 612              	.LASF7:
 613 0103 6C6F6E67 		.ascii	"long long unsigned int\000"
 613      206C6F6E 
 613      6720756E 
 613      7369676E 
 613      65642069 
 614              	.LASF17:
 615 011a 5350494D 		.ascii	"SPIM_1_BACKUP_STRUCT\000"
 615      5F315F42 
 615      41434B55 
 615      505F5354 
 615      52554354 
 616              	.LASF28:
 617 012f 5350494D 		.ascii	"SPIM_1_backup\000"
 617      5F315F62 
 617      61636B75 
 617      7000
 618              	.LASF26:
 619 013d 2E5C4765 		.ascii	".\\Generated_Source\\PSoC4\\SPIM_1_PM.c\000"
 619      6E657261 
 619      7465645F 
 619      536F7572 
 619      63655C50 
 620              	.LASF1:
ARM GAS  C:\Users\Milo\AppData\Local\Temp\cckUXMtp.s 			page 16


 621 0162 756E7369 		.ascii	"unsigned char\000"
 621      676E6564 
 621      20636861 
 621      7200
 622              	.LASF20:
 623 0170 5350494D 		.ascii	"SPIM_1_Sleep\000"
 623      5F315F53 
 623      6C656570 
 623      00
 624              	.LASF11:
 625 017d 63686172 		.ascii	"char\000"
 625      00
 626              	.LASF4:
 627 0182 6C6F6E67 		.ascii	"long int\000"
 627      20696E74 
 627      00
 628              	.LASF15:
 629 018b 656E6162 		.ascii	"enableState\000"
 629      6C655374 
 629      61746500 
 630              	.LASF10:
 631 0197 646F7562 		.ascii	"double\000"
 631      6C6500
 632              	.LASF23:
 633 019e 5350494D 		.ascii	"SPIM_1_ClearFIFO\000"
 633      5F315F43 
 633      6C656172 
 633      4649464F 
 633      00
 634              	.LASF21:
 635 01af 5350494D 		.ascii	"SPIM_1_Wakeup\000"
 635      5F315F57 
 635      616B6575 
 635      7000
 636              	.LASF16:
 637 01bd 636E7472 		.ascii	"cntrPeriod\000"
 637      50657269 
 637      6F6400
 638              	.LASF3:
 639 01c8 73686F72 		.ascii	"short unsigned int\000"
 639      7420756E 
 639      7369676E 
 639      65642069 
 639      6E7400
 640              	.LASF0:
 641 01db 7369676E 		.ascii	"signed char\000"
 641      65642063 
 641      68617200 
 642              	.LASF24:
 643 01e7 5350494D 		.ascii	"SPIM_1_Enable\000"
 643      5F315F45 
 643      6E61626C 
 643      6500
 644              	.LASF9:
 645 01f5 666C6F61 		.ascii	"float\000"
 645      7400
 646              	.LASF2:
ARM GAS  C:\Users\Milo\AppData\Local\Temp\cckUXMtp.s 			page 17


 647 01fb 73686F72 		.ascii	"short int\000"
 647      7420696E 
 647      7400
 648              	.LASF13:
 649 0205 72656738 		.ascii	"reg8\000"
 649      00
 650              	.LASF14:
 651 020a 73697A65 		.ascii	"sizetype\000"
 651      74797065 
 651      00
 652              		.ident	"GCC: (GNU Tools for ARM Embedded Processors) 4.7.3 20130312 (release) [ARM/embedded-4_7-br
