--------------- Clean Started: 07/23/2014 15:33:55 Project: Desktop_Tool_Emulator, Configuration: ARM GCC 4.7.3 Debug ---------------
Deleting file ".\CortexM0\ARM_GCC_473\Debug\main.o"
Deleting file ".\CortexM0\ARM_GCC_473\Debug\cyfitter_cfg.o"
Deleting file ".\CortexM0\ARM_GCC_473\Debug\cymetadata.o"
Deleting file ".\CortexM0\ARM_GCC_473\Debug\I2C_1.o"
Deleting file ".\CortexM0\ARM_GCC_473\Debug\I2C_1_I2C_INT.o"
Deleting file ".\CortexM0\ARM_GCC_473\Debug\I2C_1_I2C.o"
Deleting file ".\CortexM0\ARM_GCC_473\Debug\I2C_1_I2C_BOOT.o"
Deleting file ".\CortexM0\ARM_GCC_473\Debug\I2C_1_I2C_MASTER.o"
Deleting file ".\CortexM0\ARM_GCC_473\Debug\I2C_1_PM.o"
Deleting file ".\CortexM0\ARM_GCC_473\Debug\I2C_1_BOOT.o"
Deleting file ".\CortexM0\ARM_GCC_473\Debug\UART_1.o"
Deleting file ".\CortexM0\ARM_GCC_473\Debug\UART_1_SPI_UART.o"
Deleting file ".\CortexM0\ARM_GCC_473\Debug\UART_1_SPI_UART_INT.o"
Deleting file ".\CortexM0\ARM_GCC_473\Debug\UART_1_PM.o"
Deleting file ".\CortexM0\ARM_GCC_473\Debug\UART_1_UART.o"
Deleting file ".\CortexM0\ARM_GCC_473\Debug\UART_1_BOOT.o"
Deleting file ".\CortexM0\ARM_GCC_473\Debug\UART_1_UART_BOOT.o"
Deleting file ".\CortexM0\ARM_GCC_473\Debug\I2C_1_sda.o"
Deleting file ".\CortexM0\ARM_GCC_473\Debug\I2C_1_scl.o"
Deleting file ".\CortexM0\ARM_GCC_473\Debug\UART_1_tx.o"
Deleting file ".\CortexM0\ARM_GCC_473\Debug\UART_1_rx.o"
Deleting file ".\CortexM0\ARM_GCC_473\Debug\Cm0Start.o"
Deleting file ".\CortexM0\ARM_GCC_473\Debug\CyBootAsmGnu.o"
Deleting file ".\CortexM0\ARM_GCC_473\Debug\CyFlash.o"
Deleting file ".\CortexM0\ARM_GCC_473\Debug\CyLib.o"
Deleting file ".\CortexM0\ARM_GCC_473\Debug\cyPm.o"
Deleting file ".\CortexM0\ARM_GCC_473\Debug\cyutils.o"
Deleting file ".\CortexM0\ARM_GCC_473\Debug\SPIM_1.o"
Deleting file ".\CortexM0\ARM_GCC_473\Debug\SPIM_1_PM.o"
Deleting file ".\CortexM0\ARM_GCC_473\Debug\SPIM_1_INT.o"
Deleting file ".\CortexM0\ARM_GCC_473\Debug\Pin_4.o"
Deleting file ".\CortexM0\ARM_GCC_473\Debug\SPIM_1_IntClock.o"
Deleting file ".\CortexM0\ARM_GCC_473\Debug\miso.o"
Deleting file ".\CortexM0\ARM_GCC_473\Debug\mosi.o"
Deleting file ".\CortexM0\ARM_GCC_473\Debug\sclk.o"
Deleting file ".\CortexM0\ARM_GCC_473\Debug\Desktop_Tool_Emulator.hex"
Deleting file ".\CortexM0\ARM_GCC_473\Debug\Desktop_Tool_Emulator.elf"
Deleting file ".\CortexM0\ARM_GCC_473\Debug\Desktop_Tool_Emulator.map"
Deleting file ".\Desktop_Tool_Emulator.cycdx"
Deleting file ".\Desktop_Tool_Emulator.svd"
Deleting file ".\Desktop_Tool_Emulator.rpt"
Deleting file ".\Desktop_Tool_Emulator_timing.html"
Deleting file ".\CortexM0\ARM_GCC_473\Debug\.deps\C_FILE.P"
Deleting file ".\CortexM0\ARM_GCC_473\Debug\.deps\ARM_C_FILE.P"
Deleting file ".\CortexM0\ARM_GCC_473\Debug\.deps\GNU_ARM_ASM_FILE.P"
--------------- Clean Succeeded: 07/23/2014 15:33:55 ---------------
