--------------- Build Started: 07/23/2014 15:34:15 Project: Desktop_Tool_Emulator, Configuration: ARM GCC 4.7.3 Debug ---------------
cydsfit.exe "-.appdatapath" "C:\Users\Milo\AppData\Local\Cypress Semiconductor\PSoC Creator\3.0" "-.fdsnotice" "-.fdswarpdepfile=warp_dependencies.txt" "-.fdselabdepfile=elab_dependencies.txt" "-.fdsbldfile=generated_files.txt" "-p" "C:\Users\Milo\Documents\PSoC Creator\DPI_Desktop_Tester\Desktop_Tool_Emulator.cydsn\Desktop_Tool_Emulator.cyprj" "-d" "CY8C4245AXI-483" "-s" "C:\Users\Milo\Documents\PSoC Creator\DPI_Desktop_Tester\Desktop_Tool_Emulator.cydsn\Generated_Source\PSoC4" "--" "-yv2" "-v3" "-ygs" "-q10" "-o2" "-.fftcfgtype=LE"
Elaborating Design...
HDL Generation ...
Synthesis ...
Place and Route ...
Tech mapping ...
ADD: pft.M0040: information: The following 4 pin(s) will be assigned a location by the fitter: \I2C_1:scl(0)\, \I2C_1:sda(0)\, \UART_1:rx(0)\, \UART_1:tx(0)\
Info: mpr.M0037: Unused pieces of the design have been optimized out. See the Tech mapping section of the report file for details. (App=cydsfit)
Analog Placement ...
Analog Routing ...
Analog Code Generation ...
Digital Placement ...
Digital Routing ...
Bitstream Generation ...
Static timing analysis ...
API Generation ...
Dependency Generation ...
Clean Temporary Files ...
--------------- Build Succeeded: 07/23/2014 15:34:29 ---------------
