Loading plugins phase: Elapsed time ==> 0s.236ms
Initializing data phase: Elapsed time ==> 1s.728ms
<CYPRESSTAG name="CyDsfit arguments...">
cydsfit arguments: -.fdsnotice -.fdswarpdepfile=warp_dependencies.txt -.fdselabdepfile=elab_dependencies.txt -.fdsbldfile=generated_files.txt -p C:\Users\Milo\Documents\PSoC Creator\DPI_Desktop_Tester\Desktop_Tool_Emulator.cydsn\Desktop_Tool_Emulator.cyprj -d CY8C4245AXI-483 -s C:\Users\Milo\Documents\PSoC Creator\DPI_Desktop_Tester\Desktop_Tool_Emulator.cydsn\Generated_Source\PSoC4 -- -yv2 -v3 -ygs -q10 -o2 -.fftcfgtype=LE</CYPRESSTAG>
<CYPRESSTAG name="Design elaboration results...">
</CYPRESSTAG>
Elaboration phase: Elapsed time ==> 6s.955ms
<CYPRESSTAG name="HDL generation results...">
</CYPRESSTAG>
HDL generation phase: Elapsed time ==> 0s.115ms
<CYPRESSTAG name="Synthesis results...">

     | | | | | | |
   _________________
  -|               |-
  -|               |-
  -|               |-
  -|    CYPRESS    |-
  -|               |-
  -|               |-   Warp Verilog Synthesis Compiler: Version 6.3 IR 41
  -|               |-   Copyright (C) 1991-2001 Cypress Semiconductor
   |_______________|
     | | | | | | |

======================================================================
Compiling:  Desktop_Tool_Emulator.v
Program  :   C:\Program Files (x86)\Cypress\PSoC Creator\3.0\PSoC Creator\warp\bin/warp.exe
Options  :    -yv2 -v3 -ygs -q10 -o2 -.fftcfgtype=LE -ya -.fftprj=C:\Users\Milo\Documents\PSoC Creator\DPI_Desktop_Tester\Desktop_Tool_Emulator.cydsn\Desktop_Tool_Emulator.cyprj -dcpsoc3 Desktop_Tool_Emulator.v -verilog
======================================================================

======================================================================
Compiling:  Desktop_Tool_Emulator.v
Program  :   C:\Program Files (x86)\Cypress\PSoC Creator\3.0\PSoC Creator\warp\bin/warp.exe
Options  :    -yv2 -v3 -ygs -q10 -o2 -.fftcfgtype=LE -ya -.fftprj=C:\Users\Milo\Documents\PSoC Creator\DPI_Desktop_Tester\Desktop_Tool_Emulator.cydsn\Desktop_Tool_Emulator.cyprj -dcpsoc3 Desktop_Tool_Emulator.v -verilog
======================================================================

======================================================================
Compiling:  Desktop_Tool_Emulator.v
Program  :   vlogfe
Options  :    -yv2 -v3 -ygs -q10 -o2 -.fftcfgtype=LE -ya -.fftprj=C:\Users\Milo\Documents\PSoC Creator\DPI_Desktop_Tester\Desktop_Tool_Emulator.cydsn\Desktop_Tool_Emulator.cyprj -dcpsoc3 -verilog Desktop_Tool_Emulator.v
======================================================================

vlogfe V6.3 IR 41:  Verilog parser
Wed Jul 23 15:34:24 2014


======================================================================
Compiling:  Desktop_Tool_Emulator.v
Program  :   vpp
Options  :    -yv2 -q10 Desktop_Tool_Emulator.v
======================================================================

vpp V6.3 IR 41:  Verilog Pre-Processor
Wed Jul 23 15:34:24 2014

Flattening file 'C:\Program Files (x86)\Cypress\PSoC Creator\3.0\PSoC Creator\warp\..\psoc\content\cyprimitives\CyPrimitives.cylib\ZeroTerminal\ZeroTerminal.v'
Flattening file 'C:\Program Files (x86)\Cypress\PSoC Creator\3.0\PSoC Creator\warp\..\psoc\content\cyprimitives\CyPrimitives.cylib\cy_virtualmux_v1_0\cy_virtualmux_v1_0.v'
Flattening file 'C:\Program Files (x86)\Cypress\PSoC Creator\3.0\PSoC Creator\warp\..\psoc\content\cyprimitives\CyPrimitives.cylib\or_v1_0\or_v1_0.v'
Flattening file 'C:\Program Files (x86)\Cypress\PSoC Creator\3.0\PSoC Creator\warp\..\psoc\content\cycomponentlibrary\CyComponentLibrary.cylib\B_SPI_Master_v2_40\B_SPI_Master_v2_40.v'
Flattening file 'C:\Program Files (x86)\Cypress\PSoC Creator\3.0\PSoC Creator\warp\lib\common\cypress.v'
Flattening file 'C:\Program Files (x86)\Cypress\PSoC Creator\3.0\PSoC Creator\warp\lib\common\cy_psoc3_inc.v'

vpp:  No errors.

Library 'work' => directory 'lcpsoc3'
General_symbol_table
General_symbol_table
Linking 'C:\Program Files (x86)\Cypress\PSoC Creator\3.0\PSoC Creator\warp\lib\common\std.vhd'.
Linking 'C:\Program Files (x86)\Cypress\PSoC Creator\3.0\PSoC Creator\warp\lib\common\cypress.vhd'.
Linking 'C:\Program Files (x86)\Cypress\PSoC Creator\3.0\PSoC Creator\warp\lib\common\work\cypress.vif'.
Linking 'C:\Program Files (x86)\Cypress\PSoC Creator\3.0\PSoC Creator\warp\lib\ieee\work\stdlogic.vif'.
Linking 'C:\Program Files (x86)\Cypress\PSoC Creator\3.0\PSoC Creator\warp\lib\common\stdlogic\lpmpkg.vif'.
Linking 'C:\Program Files (x86)\Cypress\PSoC Creator\3.0\PSoC Creator\warp\lib\common\stdlogic\rtlpkg.vif'.
Linking 'C:\Program Files (x86)\Cypress\PSoC Creator\3.0\PSoC Creator\warp\lib\common\stdlogic\mod_cnst.vif'.
Linking 'C:\Program Files (x86)\Cypress\PSoC Creator\3.0\PSoC Creator\warp\lib\common\stdlogic\mod_mthv.vif'.
Linking 'C:\Program Files (x86)\Cypress\PSoC Creator\3.0\PSoC Creator\warp\lib\common\stdlogic\mod_genv.vif'.
Using control file 'Desktop_Tool_Emulator.ctl'.
Linking 'C:\Program Files (x86)\Cypress\PSoC Creator\3.0\PSoC Creator\warp\lib\common\stdlogic\cy_psoc3pkg.vif'.
Linking 'C:\Program Files (x86)\Cypress\PSoC Creator\3.0\PSoC Creator\warp\lib\common\stdlogic\cy_psoc3.vif'.

vlogfe:  No errors.


======================================================================
Compiling:  Desktop_Tool_Emulator.v
Program  :   tovif
Options  :    -yv2 -v3 -ygs -q10 -o2 -.fftcfgtype=LE -ya -.fftprj=C:\Users\Milo\Documents\PSoC Creator\DPI_Desktop_Tester\Desktop_Tool_Emulator.cydsn\Desktop_Tool_Emulator.cyprj -dcpsoc3 -verilog Desktop_Tool_Emulator.v
======================================================================

tovif V6.3 IR 41:  High-level synthesis
Wed Jul 23 15:34:25 2014

Linking 'C:\Program Files (x86)\Cypress\PSoC Creator\3.0\PSoC Creator\warp\lib\common\std.vhd'.
Linking 'C:\Program Files (x86)\Cypress\PSoC Creator\3.0\PSoC Creator\warp\lib\common\cypress.vhd'.
Linking 'C:\Program Files (x86)\Cypress\PSoC Creator\3.0\PSoC Creator\warp\lib\common\work\cypress.vif'.
Linking 'C:\Program Files (x86)\Cypress\PSoC Creator\3.0\PSoC Creator\warp\lib\ieee\work\stdlogic.vif'.
Linking 'C:\Program Files (x86)\Cypress\PSoC Creator\3.0\PSoC Creator\warp\lib\common\stdlogic\lpmpkg.vif'.
Linking 'C:\Program Files (x86)\Cypress\PSoC Creator\3.0\PSoC Creator\warp\lib\common\stdlogic\rtlpkg.vif'.
Linking 'C:\Program Files (x86)\Cypress\PSoC Creator\3.0\PSoC Creator\warp\lib\common\stdlogic\mod_cnst.vif'.
Linking 'C:\Program Files (x86)\Cypress\PSoC Creator\3.0\PSoC Creator\warp\lib\common\stdlogic\mod_mthv.vif'.
Linking 'C:\Program Files (x86)\Cypress\PSoC Creator\3.0\PSoC Creator\warp\lib\common\stdlogic\mod_genv.vif'.
Linking 'C:\Users\Milo\Documents\PSoC Creator\DPI_Desktop_Tester\Desktop_Tool_Emulator.cydsn\codegentemp\Desktop_Tool_Emulator.ctl'.
Linking 'C:\Program Files (x86)\Cypress\PSoC Creator\3.0\PSoC Creator\psoc\content\cyprimitives\CyPrimitives.cylib\ZeroTerminal\ZeroTerminal.v'.
Linking 'C:\Users\Milo\Documents\PSoC Creator\DPI_Desktop_Tester\Desktop_Tool_Emulator.cydsn\codegentemp\Desktop_Tool_Emulator.v'.
Linking 'C:\Program Files (x86)\Cypress\PSoC Creator\3.0\PSoC Creator\psoc\content\cyprimitives\CyPrimitives.cylib\cy_virtualmux_v1_0\cy_virtualmux_v1_0.v'.
Linking 'C:\Program Files (x86)\Cypress\PSoC Creator\3.0\PSoC Creator\psoc\content\cyprimitives\CyPrimitives.cylib\or_v1_0\or_v1_0.v'.
Linking 'C:\Program Files (x86)\Cypress\PSoC Creator\3.0\PSoC Creator\psoc\content\cycomponentlibrary\CyComponentLibrary.cylib\B_SPI_Master_v2_40\B_SPI_Master_v2_40.v'.
Linking 'C:\Program Files (x86)\Cypress\PSoC Creator\3.0\PSoC Creator\warp\lib\common\cypress.v'.
Linking 'C:\Program Files (x86)\Cypress\PSoC Creator\3.0\PSoC Creator\warp\lib\common\cy_psoc3_inc.v'.
Linking 'C:\Program Files (x86)\Cypress\PSoC Creator\3.0\PSoC Creator\warp\lib\common\stdlogic\cy_psoc3pkg.vif'.
Linking 'C:\Program Files (x86)\Cypress\PSoC Creator\3.0\PSoC Creator\warp\lib\common\stdlogic\cy_psoc3.vif'.

tovif:  No errors.


======================================================================
Compiling:  Desktop_Tool_Emulator.v
Program  :   topld
Options  :    -yv2 -v3 -ygs -q10 -o2 -.fftcfgtype=LE -ya -.fftprj=C:\Users\Milo\Documents\PSoC Creator\DPI_Desktop_Tester\Desktop_Tool_Emulator.cydsn\Desktop_Tool_Emulator.cyprj -dcpsoc3 -verilog Desktop_Tool_Emulator.v
======================================================================

topld V6.3 IR 41:  Synthesis and optimization
Wed Jul 23 15:34:25 2014

Linking 'C:\Program Files (x86)\Cypress\PSoC Creator\3.0\PSoC Creator\warp\lib\common\std.vhd'.
Linking 'C:\Program Files (x86)\Cypress\PSoC Creator\3.0\PSoC Creator\warp\lib\common\cypress.vhd'.
Linking 'C:\Program Files (x86)\Cypress\PSoC Creator\3.0\PSoC Creator\warp\lib\common\work\cypress.vif'.
Linking 'C:\Program Files (x86)\Cypress\PSoC Creator\3.0\PSoC Creator\warp\lib\ieee\work\stdlogic.vif'.
Linking 'C:\Program Files (x86)\Cypress\PSoC Creator\3.0\PSoC Creator\warp\lib\common\stdlogic\lpmpkg.vif'.
Linking 'C:\Program Files (x86)\Cypress\PSoC Creator\3.0\PSoC Creator\warp\lib\common\stdlogic\rtlpkg.vif'.
Linking 'C:\Program Files (x86)\Cypress\PSoC Creator\3.0\PSoC Creator\warp\lib\common\stdlogic\mod_cnst.vif'.
Linking 'C:\Program Files (x86)\Cypress\PSoC Creator\3.0\PSoC Creator\warp\lib\common\stdlogic\mod_mthv.vif'.
Linking 'C:\Program Files (x86)\Cypress\PSoC Creator\3.0\PSoC Creator\warp\lib\common\stdlogic\mod_genv.vif'.
Linking 'C:\Users\Milo\Documents\PSoC Creator\DPI_Desktop_Tester\Desktop_Tool_Emulator.cydsn\codegentemp\Desktop_Tool_Emulator.ctl'.
Linking 'C:\Program Files (x86)\Cypress\PSoC Creator\3.0\PSoC Creator\psoc\content\cyprimitives\CyPrimitives.cylib\ZeroTerminal\ZeroTerminal.v'.
Linking 'C:\Users\Milo\Documents\PSoC Creator\DPI_Desktop_Tester\Desktop_Tool_Emulator.cydsn\codegentemp\Desktop_Tool_Emulator.v'.
Linking 'C:\Program Files (x86)\Cypress\PSoC Creator\3.0\PSoC Creator\psoc\content\cyprimitives\CyPrimitives.cylib\cy_virtualmux_v1_0\cy_virtualmux_v1_0.v'.
Linking 'C:\Program Files (x86)\Cypress\PSoC Creator\3.0\PSoC Creator\psoc\content\cyprimitives\CyPrimitives.cylib\or_v1_0\or_v1_0.v'.
Linking 'C:\Program Files (x86)\Cypress\PSoC Creator\3.0\PSoC Creator\psoc\content\cycomponentlibrary\CyComponentLibrary.cylib\B_SPI_Master_v2_40\B_SPI_Master_v2_40.v'.
Linking 'C:\Program Files (x86)\Cypress\PSoC Creator\3.0\PSoC Creator\warp\lib\common\cypress.v'.
Linking 'C:\Program Files (x86)\Cypress\PSoC Creator\3.0\PSoC Creator\warp\lib\common\cy_psoc3_inc.v'.
Linking 'C:\Program Files (x86)\Cypress\PSoC Creator\3.0\PSoC Creator\warp\lib\common\stdlogic\cy_psoc3pkg.vif'.
Linking 'C:\Program Files (x86)\Cypress\PSoC Creator\3.0\PSoC Creator\warp\lib\common\stdlogic\cy_psoc3.vif'.
Linking 'C:\Program Files (x86)\Cypress\PSoC Creator\3.0\PSoC Creator\warp\lib\lcpsoc3\stdlogic\cpsoc3.vif'.

----------------------------------------------------------
Detecting unused logic.
----------------------------------------------------------
    User names
	\I2C_1:Net_682\
	\I2C_1:Net_427\
	Net_7
	\UART_1:Net_452\
	\UART_1:Net_682\
	\UART_1:Net_427\
	Net_10
	\SPIM_1:BSPIM:mosi_after_ld\
	\SPIM_1:BSPIM:so_send\
	\SPIM_1:BSPIM:mosi_fin\
	\SPIM_1:BSPIM:mosi_cpha_0\
	\SPIM_1:BSPIM:mosi_cpha_1\
	\SPIM_1:BSPIM:pre_mosi\
	\SPIM_1:BSPIM:dpcounter_zero\
	\SPIM_1:BSPIM:control_7\
	\SPIM_1:BSPIM:control_6\
	\SPIM_1:BSPIM:control_5\
	\SPIM_1:BSPIM:control_4\
	\SPIM_1:BSPIM:control_3\
	\SPIM_1:BSPIM:control_2\
	\SPIM_1:BSPIM:control_1\
	\SPIM_1:BSPIM:control_0\
	\SPIM_1:Net_253\


Deleted 23 User equations/components.
Deleted 0 Synthesized equations/components.

------------------------------------------------------
Alias Detection
------------------------------------------------------
Aliasing \I2C_1:Net_452\ to \I2C_1:Net_459\
Aliasing \I2C_1:Net_676\ to \I2C_1:Net_459\
Aliasing \I2C_1:Net_245\ to \I2C_1:Net_459\
Aliasing \I2C_1:Net_416\ to \I2C_1:Net_459\
Aliasing zero to \I2C_1:Net_459\
Aliasing one to \I2C_1:tmpOE__sda_net_0\
Aliasing \I2C_1:tmpOE__scl_net_0\ to \I2C_1:tmpOE__sda_net_0\
Aliasing \UART_1:Net_459\ to \I2C_1:Net_459\
Aliasing \UART_1:Net_676\ to \I2C_1:Net_459\
Aliasing \UART_1:Net_245\ to \I2C_1:Net_459\
Aliasing \UART_1:Net_416\ to \I2C_1:Net_459\
Aliasing \UART_1:tmpOE__tx_net_0\ to \I2C_1:tmpOE__sda_net_0\
Aliasing \UART_1:tmpOE__rx_net_0\ to \I2C_1:tmpOE__sda_net_0\
Aliasing \SPIM_1:BSPIM:pol_supprt\ to \I2C_1:Net_459\
Aliasing \SPIM_1:BSPIM:tx_status_3\ to \SPIM_1:BSPIM:load_rx_data\
Aliasing \SPIM_1:BSPIM:tx_status_6\ to \I2C_1:Net_459\
Aliasing \SPIM_1:BSPIM:tx_status_5\ to \I2C_1:Net_459\
Aliasing \SPIM_1:BSPIM:rx_status_3\ to \I2C_1:Net_459\
Aliasing \SPIM_1:BSPIM:rx_status_2\ to \I2C_1:Net_459\
Aliasing \SPIM_1:BSPIM:rx_status_1\ to \I2C_1:Net_459\
Aliasing \SPIM_1:BSPIM:rx_status_0\ to \I2C_1:Net_459\
Aliasing \SPIM_1:Net_274\ to \I2C_1:Net_459\
Aliasing tmpOE__miso_net_0 to \I2C_1:tmpOE__sda_net_0\
Aliasing tmpOE__mosi_net_0 to \I2C_1:tmpOE__sda_net_0\
Aliasing tmpOE__sclk_net_0 to \I2C_1:tmpOE__sda_net_0\
Aliasing tmpOE__Pin_4_net_0 to \I2C_1:tmpOE__sda_net_0\
Aliasing \SPIM_1:BSPIM:so_send_reg\\D\ to \I2C_1:Net_459\
Aliasing \SPIM_1:BSPIM:mosi_pre_reg\\D\ to \I2C_1:Net_459\
Aliasing \SPIM_1:BSPIM:dpcounter_one_reg\\D\ to \SPIM_1:BSPIM:load_rx_data\
Removing Lhs of wire \I2C_1:Net_652\[3] = \I2C_1:Net_459\[2]
Removing Lhs of wire \I2C_1:Net_452\[4] = \I2C_1:Net_459\[2]
Removing Lhs of wire \I2C_1:Net_676\[5] = \I2C_1:Net_459\[2]
Removing Lhs of wire \I2C_1:Net_245\[6] = \I2C_1:Net_459\[2]
Removing Lhs of wire \I2C_1:Net_416\[7] = \I2C_1:Net_459\[2]
Removing Lhs of wire \I2C_1:Net_654\[8] = \I2C_1:Net_459\[2]
Removing Lhs of wire \I2C_1:Net_655\[11] = \I2C_1:Net_284\[1]
Removing Lhs of wire \I2C_1:Net_653\[12] = \I2C_1:Net_459\[2]
Removing Lhs of wire \I2C_1:Net_651\[13] = \I2C_1:Net_459\[2]
Removing Lhs of wire \I2C_1:Net_663\[14] = \I2C_1:Net_459\[2]
Removing Rhs of wire zero[17] = \I2C_1:Net_459\[2]
Removing Rhs of wire one[21] = \I2C_1:tmpOE__sda_net_0\[16]
Removing Lhs of wire \I2C_1:tmpOE__scl_net_0\[24] = one[21]
Removing Lhs of wire \UART_1:Net_459\[44] = zero[17]
Removing Lhs of wire \UART_1:Net_652\[45] = zero[17]
Removing Lhs of wire \UART_1:Net_676\[47] = zero[17]
Removing Lhs of wire \UART_1:Net_245\[48] = zero[17]
Removing Lhs of wire \UART_1:Net_416\[49] = zero[17]
Removing Rhs of wire \UART_1:Net_654\[50] = \UART_1:Net_379\[51]
Removing Lhs of wire \UART_1:Net_655\[54] = \UART_1:Net_284\[43]
Removing Lhs of wire \UART_1:Net_653\[55] = zero[17]
Removing Lhs of wire \UART_1:Net_651\[56] = zero[17]
Removing Lhs of wire \UART_1:Net_663\[57] = zero[17]
Removing Lhs of wire \UART_1:tmpOE__tx_net_0\[59] = one[21]
Removing Lhs of wire \UART_1:tmpOE__rx_net_0\[68] = one[21]
Removing Rhs of wire \SPIM_1:Net_276\[83] = \SPIM_1:Net_239\[84]
Removing Rhs of wire \SPIM_1:BSPIM:load_rx_data\[88] = \SPIM_1:BSPIM:dpcounter_one\[89]
Removing Lhs of wire \SPIM_1:BSPIM:pol_supprt\[90] = zero[17]
Removing Lhs of wire \SPIM_1:BSPIM:miso_to_dp\[91] = \SPIM_1:Net_244\[92]
Removing Lhs of wire \SPIM_1:Net_244\[92] = Net_43[185]
Removing Rhs of wire Net_40[96] = \SPIM_1:BSPIM:mosi_reg\[97]
Removing Rhs of wire \SPIM_1:BSPIM:tx_status_1\[119] = \SPIM_1:BSPIM:dpMOSI_fifo_empty\[120]
Removing Rhs of wire \SPIM_1:BSPIM:tx_status_2\[121] = \SPIM_1:BSPIM:dpMOSI_fifo_not_full\[122]
Removing Lhs of wire \SPIM_1:BSPIM:tx_status_3\[123] = \SPIM_1:BSPIM:load_rx_data\[88]
Removing Rhs of wire \SPIM_1:BSPIM:rx_status_4\[125] = \SPIM_1:BSPIM:dpMISO_fifo_full\[126]
Removing Rhs of wire \SPIM_1:BSPIM:rx_status_5\[127] = \SPIM_1:BSPIM:dpMISO_fifo_not_empty\[128]
Removing Lhs of wire \SPIM_1:BSPIM:tx_status_6\[130] = zero[17]
Removing Lhs of wire \SPIM_1:BSPIM:tx_status_5\[131] = zero[17]
Removing Lhs of wire \SPIM_1:BSPIM:rx_status_3\[132] = zero[17]
Removing Lhs of wire \SPIM_1:BSPIM:rx_status_2\[133] = zero[17]
Removing Lhs of wire \SPIM_1:BSPIM:rx_status_1\[134] = zero[17]
Removing Lhs of wire \SPIM_1:BSPIM:rx_status_0\[135] = zero[17]
Removing Lhs of wire \SPIM_1:Net_273\[145] = zero[17]
Removing Lhs of wire \SPIM_1:Net_274\[186] = zero[17]
Removing Lhs of wire tmpOE__miso_net_0[188] = one[21]
Removing Lhs of wire tmpOE__mosi_net_0[193] = one[21]
Removing Lhs of wire tmpOE__sclk_net_0[199] = one[21]
Removing Lhs of wire tmpOE__Pin_4_net_0[205] = one[21]
Removing Lhs of wire \SPIM_1:BSPIM:so_send_reg\\D\[210] = zero[17]
Removing Lhs of wire \SPIM_1:BSPIM:mosi_pre_reg\\D\[216] = zero[17]
Removing Lhs of wire \SPIM_1:BSPIM:dpcounter_one_reg\\D\[218] = \SPIM_1:BSPIM:load_rx_data\[88]
Removing Lhs of wire \SPIM_1:BSPIM:mosi_from_dp_reg\\D\[219] = \SPIM_1:BSPIM:mosi_from_dp\[103]

------------------------------------------------------
Aliased 0 equations, 52 wires.
------------------------------------------------------

----------------------------------------------------------
Circuit simplification
----------------------------------------------------------

Substituting virtuals - pass 1:

Note:  Expanding virtual equation for 'zero' (cost = 0):
zero <=  ('0') ;

Note:  Expanding virtual equation for '\SPIM_1:BSPIM:load_rx_data\' (cost = 1):
\SPIM_1:BSPIM:load_rx_data\ <= ((not \SPIM_1:BSPIM:count_4\ and not \SPIM_1:BSPIM:count_3\ and not \SPIM_1:BSPIM:count_2\ and not \SPIM_1:BSPIM:count_1\ and \SPIM_1:BSPIM:count_0\));


Substituting virtuals - pass 2:


----------------------------------------------------------
Circuit simplification results:

	Expanded 2 signals.
	Turned 0 signals into soft nodes.
	Maximum default expansion cost was set at 3.
----------------------------------------------------------

------------------------------------------------------
Alias Detection
------------------------------------------------------

------------------------------------------------------
Aliased 0 equations, 0 wires.
------------------------------------------------------

Last attempt to remove unused logic - pass 1:


Last attempt to remove unused logic - pass 2:


topld:  No errors.

CYPRESS_DIR    : C:\Program Files (x86)\Cypress\PSoC Creator\3.0\PSoC Creator\warp
Warp Program   : C:\Program Files (x86)\Cypress\PSoC Creator\3.0\PSoC Creator\warp\bin/warp.exe
Warp Arguments : -yv2 -v3 -ygs -q10 -o2 -.fftcfgtype=LE -ya "-.fftprj=C:\Users\Milo\Documents\PSoC Creator\DPI_Desktop_Tester\Desktop_Tool_Emulator.cydsn\Desktop_Tool_Emulator.cyprj" -dcpsoc3 Desktop_Tool_Emulator.v -verilog
</CYPRESSTAG>
Warp synthesis phase: Elapsed time ==> 1s.117ms
<CYPRESSTAG name="Fitter results...">
<CYPRESSTAG name="Fitter startup details...">
cyp3fit: V3.0.0.3023, Family: PSoC3, Started at: Wednesday, 23 July 2014 15:34:26
Options: -yv2 -v3 -ygs -q10 -o2 -.fftcfgtype=LE -ya -.fftprj=C:\Users\Milo\Documents\PSoC Creator\DPI_Desktop_Tester\Desktop_Tool_Emulator.cydsn\Desktop_Tool_Emulator.cyprj -d CY8C4245AXI-483 Desktop_Tool_Emulator.v -verilog
</CYPRESSTAG>
<CYPRESSTAG name="Design parsing">
Design parsing phase: Elapsed time ==> 0s.015ms
</CYPRESSTAG>
<CYPRESSTAG name="Tech mapping">
<CYPRESSTAG name="Initial Mapping" icon="FILE_RPT_TECHM">
    Converted constant MacroCell: \SPIM_1:BSPIM:mosi_pre_reg\ from registered to combinatorial
    Converted constant MacroCell: \SPIM_1:BSPIM:so_send_reg\ from registered to combinatorial

Removing unused cells resulting from optimization
    Removed unused cell/equation '\SPIM_1:BSPIM:dpcounter_one_reg\:macrocell'
    Removed unused cell/equation '\SPIM_1:BSPIM:mosi_from_dp_reg\:macrocell'
    Removed unused cell/equation '\SPIM_1:BSPIM:mosi_pre_reg\:macrocell'
    Removed unused cell/equation '\SPIM_1:BSPIM:so_send_reg\:macrocell'
Done removing unused cells.
<CYPRESSTAG name="Global Clock Selection" icon="FILE_RPT_TECHM">
    Digital Clock 0: Automatic-assigning  clock 'SPIM_1_IntClock'. Fanout=1, Signal=\SPIM_1:Net_276_digital\
    Fixed Function Clock 2: Automatic-assigning  clock 'I2C_1_SCBCLK'. Signal=\I2C_1:Net_284_ff2\
    Fixed Function Clock 3: Automatic-assigning  clock 'UART_1_SCBCLK'. Signal=\UART_1:Net_284_ff3\
<CYPRESSTAG name="UDB Clock/Enable Remapping Results">
    UDB Clk/Enable \SPIM_1:BSPIM:ClkEn\: with output requested to be synchronous
        ClockIn: ClockGenBlock:m0s8clockgenblockcell.gen_clk_out_0 was determined to be a global clock that is synchronous to HFCLK
        EnableIn: Constant 1 was determined to be synchronous to ClockIn
        ClockOut: ClockGenBlock:m0s8clockgenblockcell.gen_clk_out_0, EnableOut: Constant 1
</CYPRESSTAG>
</CYPRESSTAG>
ADD: pft.M0040: information: The following 4 pin(s) will be assigned a location by the fitter: \I2C_1:scl(0)\, \I2C_1:sda(0)\, \UART_1:rx(0)\, \UART_1:tx(0)\


Removing unused cells resulting from optimization
    Removed unused cell/equation 'Net_41D:macrocell'
    Removed unused cell/equation 'Net_42D:macrocell'
    Removed unused cell/equation '\SPIM_1:BSPIM:cnt_enable\\D\:macrocell'
    Removed unused cell/equation '\SPIM_1:BSPIM:ld_ident\\D\:macrocell'
    Removed unused cell/equation '\SPIM_1:BSPIM:load_cond\\D\:macrocell'
    Removed unused cell/equation '\SPIM_1:BSPIM:mosi_reg\\D\:macrocell'
    Removed unused cell/equation '\SPIM_1:BSPIM:state_0\\D\:macrocell'
    Removed unused cell/equation '\SPIM_1:BSPIM:state_1\\D\:macrocell'
    Removed unused cell/equation '\SPIM_1:BSPIM:state_2\\D\:macrocell'
    Removed unused cell/equation '__ZERO__:macrocell'
Done removing unused cells.
<CYPRESSTAG name="Duplicate Macrocell detection">
</CYPRESSTAG>
</CYPRESSTAG>
<CYPRESSTAG name="Duplicate Macrocell detection">
</CYPRESSTAG>
<CYPRESSTAG name="Design Equations" icon="FILE_RPT_EQUATION">

------------------------------------------------------------
Design Equations
------------------------------------------------------------
    <CYPRESSTAG name="Pin listing">

    ------------------------------------------------------------
    Pin listing
    ------------------------------------------------------------

    Pin : Name = Pin_4(0)
        Attributes:
            In Group/Port: True
            In Sync Option: AUTO
            Out Sync Option: NOSYNC
            Interrupt generated: False
            Interrupt mode: NONE
            Drive mode: CMOS_OUT
            VTrip: EITHER
            Slew: FAST
            Input Sync needed: False
            Output Sync needed: False
            SC shield enabled: False
            POR State: ANY
            LCD Mode: COMMON
            Register Mode: RegComb
            CaSense Mode: NEITHER
            Treat as pin: True
            Is OE Registered: False
            Uses Analog: False
            Can contain Digital: True
            Is SIO: False
            SIO Output Buf: NONREGULATED
            SIO Input Buf: SINGLE_ENDED
            SIO HiFreq: LOW
            SIO Hyst: DISABLED
            SIO Vtrip: MULTIPLIER_0_5
            SIO RefSel: VCC_IO
            Required Capabilitites: DIGITAL
            Initial Value: 0
            IO Voltage: 0
        PORT MAP (
            pa_out => Pin_4(0)__PA ,
            pad => Pin_4(0)_PAD );
        Properties:
        {
        }

    Pin : Name = \I2C_1:scl(0)\
        Attributes:
            In Group/Port: True
            In Sync Option: NOSYNC
            Out Sync Option: NOSYNC
            Interrupt generated: False
            Interrupt mode: NONE
            Drive mode: OPEN_DRAIN_LO
            VTrip: CMOS
            Slew: FAST
            Input Sync needed: False
            Output Sync needed: False
            SC shield enabled: False
            POR State: ANY
            LCD Mode: COMMON
            Register Mode: RegComb
            CaSense Mode: NEITHER
            Treat as pin: True
            Is OE Registered: False
            Uses Analog: False
            Can contain Digital: True
            Is SIO: False
            SIO Output Buf: NONREGULATED
            SIO Input Buf: SINGLE_ENDED
            SIO HiFreq: LOW
            SIO Hyst: DISABLED
            SIO Vtrip: MULTIPLIER_0_5
            SIO RefSel: VCC_IO
            Required Capabilitites: DIGITAL, I2CWKUP_SCL
            Initial Value: 1
            IO Voltage: 0
        PORT MAP (
            pa_out => \I2C_1:scl(0)\__PA ,
            fb => \I2C_1:Net_580\ ,
            pad => \I2C_1:scl(0)_PAD\ );

    Pin : Name = \I2C_1:sda(0)\
        Attributes:
            In Group/Port: True
            In Sync Option: NOSYNC
            Out Sync Option: NOSYNC
            Interrupt generated: False
            Interrupt mode: NONE
            Drive mode: OPEN_DRAIN_LO
            VTrip: CMOS
            Slew: FAST
            Input Sync needed: False
            Output Sync needed: False
            SC shield enabled: False
            POR State: ANY
            LCD Mode: COMMON
            Register Mode: RegComb
            CaSense Mode: NEITHER
            Treat as pin: True
            Is OE Registered: False
            Uses Analog: False
            Can contain Digital: True
            Is SIO: False
            SIO Output Buf: NONREGULATED
            SIO Input Buf: SINGLE_ENDED
            SIO HiFreq: LOW
            SIO Hyst: DISABLED
            SIO Vtrip: MULTIPLIER_0_5
            SIO RefSel: VCC_IO
            Required Capabilitites: DIGITAL, I2CWKUP_SDA
            Initial Value: 1
            IO Voltage: 0
        PORT MAP (
            pa_out => \I2C_1:sda(0)\__PA ,
            fb => \I2C_1:Net_581\ ,
            pad => \I2C_1:sda(0)_PAD\ );

    Pin : Name = \UART_1:rx(0)\
        Attributes:
            In Group/Port: True
            In Sync Option: NOSYNC
            Out Sync Option: AUTO
            Interrupt generated: False
            Interrupt mode: NONE
            Drive mode: HI_Z_DIGITAL
            VTrip: CMOS
            Slew: FAST
            Input Sync needed: False
            Output Sync needed: False
            SC shield enabled: False
            POR State: ANY
            LCD Mode: COMMON
            Register Mode: RegComb
            CaSense Mode: NEITHER
            Treat as pin: True
            Is OE Registered: False
            Uses Analog: False
            Can contain Digital: True
            Is SIO: False
            SIO Output Buf: NONREGULATED
            SIO Input Buf: SINGLE_ENDED
            SIO HiFreq: LOW
            SIO Hyst: DISABLED
            SIO Vtrip: MULTIPLIER_0_5
            SIO RefSel: VCC_IO
            Required Capabilitites: DIGITAL, SCB_UART_RX
            Initial Value: 0
            IO Voltage: 0
        PORT MAP (
            pa_out => \UART_1:rx(0)\__PA ,
            fb => \UART_1:Net_654\ ,
            pad => \UART_1:rx(0)_PAD\ );

    Pin : Name = \UART_1:tx(0)\
        Attributes:
            In Group/Port: True
            In Sync Option: NOSYNC
            Out Sync Option: NOSYNC
            Interrupt generated: False
            Interrupt mode: NONE
            Drive mode: CMOS_OUT
            VTrip: CMOS
            Slew: FAST
            Input Sync needed: False
            Output Sync needed: False
            SC shield enabled: False
            POR State: ANY
            LCD Mode: COMMON
            Register Mode: RegComb
            CaSense Mode: NEITHER
            Treat as pin: True
            Is OE Registered: False
            Uses Analog: False
            Can contain Digital: True
            Is SIO: False
            SIO Output Buf: NONREGULATED
            SIO Input Buf: SINGLE_ENDED
            SIO HiFreq: LOW
            SIO Hyst: DISABLED
            SIO Vtrip: MULTIPLIER_0_5
            SIO RefSel: VCC_IO
            Required Capabilitites: DIGITAL, SCB_UART_TX
            Initial Value: 1
            IO Voltage: 0
        PORT MAP (
            pa_out => \UART_1:tx(0)\__PA ,
            input => \UART_1:Net_656\ ,
            pad => \UART_1:tx(0)_PAD\ );

    Pin : Name = miso(0)
        Attributes:
            In Group/Port: True
            In Sync Option: SYNC
            Out Sync Option: AUTO
            Interrupt generated: False
            Interrupt mode: NONE
            Drive mode: HI_Z_DIGITAL
            VTrip: CMOS
            Slew: FAST
            Input Sync needed: True
            Output Sync needed: False
            SC shield enabled: False
            POR State: ANY
            LCD Mode: COMMON
            Register Mode: RegComb
            CaSense Mode: NEITHER
            Treat as pin: True
            Is OE Registered: False
            Uses Analog: False
            Can contain Digital: True
            Is SIO: False
            SIO Output Buf: NONREGULATED
            SIO Input Buf: SINGLE_ENDED
            SIO HiFreq: LOW
            SIO Hyst: DISABLED
            SIO Vtrip: MULTIPLIER_0_5
            SIO RefSel: VCC_IO
            Required Capabilitites: DIGITAL, ROUTABLE
            Initial Value: 0
            IO Voltage: 0
        PORT MAP (
            pa_out => miso(0)__PA ,
            fb => Net_43 ,
            pad => miso(0)_PAD );
        Properties:
        {
        }

    Pin : Name = mosi(0)
        Attributes:
            In Group/Port: True
            In Sync Option: AUTO
            Out Sync Option: NOSYNC
            Interrupt generated: False
            Interrupt mode: NONE
            Drive mode: CMOS_OUT
            VTrip: EITHER
            Slew: FAST
            Input Sync needed: False
            Output Sync needed: False
            SC shield enabled: False
            POR State: ANY
            LCD Mode: COMMON
            Register Mode: RegComb
            CaSense Mode: NEITHER
            Treat as pin: True
            Is OE Registered: False
            Uses Analog: False
            Can contain Digital: True
            Is SIO: False
            SIO Output Buf: NONREGULATED
            SIO Input Buf: SINGLE_ENDED
            SIO HiFreq: LOW
            SIO Hyst: DISABLED
            SIO Vtrip: MULTIPLIER_0_5
            SIO RefSel: VCC_IO
            Required Capabilitites: DIGITAL, ROUTABLE
            Initial Value: 1
            IO Voltage: 0
        PORT MAP (
            pa_out => mosi(0)__PA ,
            input => Net_40 ,
            pad => mosi(0)_PAD );
        Properties:
        {
        }

    Pin : Name = sclk(0)
        Attributes:
            In Group/Port: True
            In Sync Option: AUTO
            Out Sync Option: NOSYNC
            Interrupt generated: False
            Interrupt mode: NONE
            Drive mode: CMOS_OUT
            VTrip: EITHER
            Slew: FAST
            Input Sync needed: False
            Output Sync needed: False
            SC shield enabled: False
            POR State: ANY
            LCD Mode: COMMON
            Register Mode: RegComb
            CaSense Mode: NEITHER
            Treat as pin: True
            Is OE Registered: False
            Uses Analog: False
            Can contain Digital: True
            Is SIO: False
            SIO Output Buf: NONREGULATED
            SIO Input Buf: SINGLE_ENDED
            SIO HiFreq: LOW
            SIO Hyst: DISABLED
            SIO Vtrip: MULTIPLIER_0_5
            SIO RefSel: VCC_IO
            Required Capabilitites: DIGITAL, ROUTABLE
            Initial Value: 1
            IO Voltage: 0
        PORT MAP (
            pa_out => sclk(0)__PA ,
            input => Net_41 ,
            pad => sclk(0)_PAD );
        Properties:
        {
        }
    </CYPRESSTAG>
    <CYPRESSTAG name="Macrocell listing" icon="FILE_RPT_EQUATION">

    ------------------------------------------------------------
    Macrocell listing
    ------------------------------------------------------------

    MacroCell: Name=Net_40, Mode=(D-Register)
        Total # of inputs        : 11
        Total # of product terms : 7
        List of special equations: 
            Clock  = (\SPIM_1:Net_276_digital\) => Global
            Clock Enable: True
        Main Equation            : 7 pterms
        !(
              !Net_40 * !\SPIM_1:BSPIM:state_2\ * \SPIM_1:BSPIM:state_0\
            + !\SPIM_1:BSPIM:state_2\ * !\SPIM_1:BSPIM:state_1\ * 
              !\SPIM_1:BSPIM:state_0\
            + !\SPIM_1:BSPIM:state_2\ * !\SPIM_1:BSPIM:state_0\ * 
              !\SPIM_1:BSPIM:count_4\ * !\SPIM_1:BSPIM:count_3\ * 
              !\SPIM_1:BSPIM:count_2\ * \SPIM_1:BSPIM:count_1\ * 
              !\SPIM_1:BSPIM:count_0\ * !\SPIM_1:BSPIM:ld_ident\
            + \SPIM_1:BSPIM:state_2\ * !\SPIM_1:BSPIM:state_1\ * 
              \SPIM_1:BSPIM:state_0\
            + \SPIM_1:BSPIM:state_2\ * \SPIM_1:BSPIM:state_1\ * 
              !\SPIM_1:BSPIM:state_0\
            + \SPIM_1:BSPIM:state_2\ * !\SPIM_1:BSPIM:mosi_from_dp\
            + !\SPIM_1:BSPIM:state_0\ * !\SPIM_1:BSPIM:mosi_from_dp\
        );
        Output = Net_40 (fanout=2)

    MacroCell: Name=Net_41, Mode=(D-Register)
        Total # of inputs        : 4
        Total # of product terms : 2
        List of special equations: 
            Clock  = (\SPIM_1:Net_276_digital\) => Global
            Clock Enable: True
        Main Equation            : 2 pterms
        (
              !\SPIM_1:BSPIM:state_2\ * \SPIM_1:BSPIM:state_1\ * 
              \SPIM_1:BSPIM:state_0\
            + \SPIM_1:BSPIM:state_1\ * \SPIM_1:BSPIM:state_0\ * Net_41
        );
        Output = Net_41 (fanout=2)

    MacroCell: Name=Net_42, Mode=(D-Register)
        Total # of inputs        : 4
        Total # of product terms : 4
        List of special equations: 
            Clock  = (\SPIM_1:Net_276_digital\) => Global
            Clock Enable: True
        Main Equation            : 4 pterms
        !(
              !\SPIM_1:BSPIM:state_2\ * !\SPIM_1:BSPIM:state_1\ * 
              \SPIM_1:BSPIM:state_0\
            + !\SPIM_1:BSPIM:state_2\ * \SPIM_1:BSPIM:state_1\ * !Net_42
            + \SPIM_1:BSPIM:state_2\ * !\SPIM_1:BSPIM:state_1\ * 
              !\SPIM_1:BSPIM:state_0\ * !Net_42
            + \SPIM_1:BSPIM:state_1\ * \SPIM_1:BSPIM:state_0\ * !Net_42
        );
        Output = Net_42 (fanout=1)

    MacroCell: Name=\SPIM_1:BSPIM:cnt_enable\, Mode=(T-Register)
        Total # of inputs        : 4
        Total # of product terms : 4
        List of special equations: 
            Clock  = (\SPIM_1:Net_276_digital\) => Global
            Clock Enable: True
        Main Equation            : 4 pterms
        (
              !\SPIM_1:BSPIM:state_2\ * !\SPIM_1:BSPIM:state_1\ * 
              !\SPIM_1:BSPIM:state_0\ * \SPIM_1:BSPIM:cnt_enable\
            + !\SPIM_1:BSPIM:state_2\ * \SPIM_1:BSPIM:state_1\ * 
              \SPIM_1:BSPIM:state_0\ * !\SPIM_1:BSPIM:cnt_enable\
            + \SPIM_1:BSPIM:state_2\ * !\SPIM_1:BSPIM:state_1\ * 
              \SPIM_1:BSPIM:state_0\ * \SPIM_1:BSPIM:cnt_enable\
            + \SPIM_1:BSPIM:state_2\ * \SPIM_1:BSPIM:state_1\ * 
              !\SPIM_1:BSPIM:state_0\ * \SPIM_1:BSPIM:cnt_enable\
        );
        Output = \SPIM_1:BSPIM:cnt_enable\ (fanout=2)

    MacroCell: Name=\SPIM_1:BSPIM:ld_ident\, Mode=(T-Register)
        Total # of inputs        : 9
        Total # of product terms : 3
        List of special equations: 
            Clock  = (\SPIM_1:Net_276_digital\) => Global
            Clock Enable: True
        Main Equation            : 3 pterms
        (
              \SPIM_1:BSPIM:state_2\ * !\SPIM_1:BSPIM:state_1\ * 
              !\SPIM_1:BSPIM:state_0\ * !\SPIM_1:BSPIM:ld_ident\
            + \SPIM_1:BSPIM:state_2\ * \SPIM_1:BSPIM:state_1\ * 
              !\SPIM_1:BSPIM:state_0\ * \SPIM_1:BSPIM:ld_ident\
            + \SPIM_1:BSPIM:state_1\ * !\SPIM_1:BSPIM:state_0\ * 
              !\SPIM_1:BSPIM:count_4\ * !\SPIM_1:BSPIM:count_3\ * 
              !\SPIM_1:BSPIM:count_2\ * \SPIM_1:BSPIM:count_1\ * 
              !\SPIM_1:BSPIM:count_0\ * \SPIM_1:BSPIM:ld_ident\
        );
        Output = \SPIM_1:BSPIM:ld_ident\ (fanout=4)

    MacroCell: Name=\SPIM_1:BSPIM:load_cond\, Mode=(T-Register)
        Total # of inputs        : 9
        Total # of product terms : 4
        List of special equations: 
            Clock  = (\SPIM_1:Net_276_digital\) => Global
            Clock Enable: True
        Main Equation            : 4 pterms
        (
              !\SPIM_1:BSPIM:state_2\ * !\SPIM_1:BSPIM:count_4\ * 
              !\SPIM_1:BSPIM:count_3\ * !\SPIM_1:BSPIM:count_2\ * 
              !\SPIM_1:BSPIM:count_1\ * !\SPIM_1:BSPIM:count_0\ * 
              \SPIM_1:BSPIM:load_cond\
            + \SPIM_1:BSPIM:state_2\ * !\SPIM_1:BSPIM:state_1\ * 
              !\SPIM_1:BSPIM:state_0\ * !\SPIM_1:BSPIM:load_cond\
            + \SPIM_1:BSPIM:state_1\ * !\SPIM_1:BSPIM:count_4\ * 
              !\SPIM_1:BSPIM:count_3\ * !\SPIM_1:BSPIM:count_2\ * 
              !\SPIM_1:BSPIM:count_1\ * !\SPIM_1:BSPIM:count_0\ * 
              \SPIM_1:BSPIM:load_cond\
            + \SPIM_1:BSPIM:state_0\ * !\SPIM_1:BSPIM:count_4\ * 
              !\SPIM_1:BSPIM:count_3\ * !\SPIM_1:BSPIM:count_2\ * 
              !\SPIM_1:BSPIM:count_1\ * !\SPIM_1:BSPIM:count_0\ * 
              \SPIM_1:BSPIM:load_cond\
        );
        Output = \SPIM_1:BSPIM:load_cond\ (fanout=1)

    MacroCell: Name=\SPIM_1:BSPIM:load_rx_data\, Mode=(Combinatorial)
        Total # of inputs        : 5
        Total # of product terms : 1
            Clock Enable: True
        Main Equation            : 1 pterm
        (
              !\SPIM_1:BSPIM:count_4\ * !\SPIM_1:BSPIM:count_3\ * 
              !\SPIM_1:BSPIM:count_2\ * !\SPIM_1:BSPIM:count_1\ * 
              \SPIM_1:BSPIM:count_0\
        );
        Output = \SPIM_1:BSPIM:load_rx_data\ (fanout=2)

    MacroCell: Name=\SPIM_1:BSPIM:rx_status_6\, Mode=(Combinatorial)
        Total # of inputs        : 6
        Total # of product terms : 1
            Clock Enable: True
        Main Equation            : 1 pterm
        (
              !\SPIM_1:BSPIM:count_4\ * !\SPIM_1:BSPIM:count_3\ * 
              !\SPIM_1:BSPIM:count_2\ * !\SPIM_1:BSPIM:count_1\ * 
              \SPIM_1:BSPIM:count_0\ * \SPIM_1:BSPIM:rx_status_4\
        );
        Output = \SPIM_1:BSPIM:rx_status_6\ (fanout=1)

    MacroCell: Name=\SPIM_1:BSPIM:state_0\, Mode=(T-Register)
        Total # of inputs        : 4
        Total # of product terms : 3
        List of special equations: 
            Clock  = (\SPIM_1:Net_276_digital\) => Global
            Clock Enable: True
        Main Equation            : 3 pterms
        (
              !\SPIM_1:BSPIM:state_2\ * \SPIM_1:BSPIM:state_1\
            + \SPIM_1:BSPIM:state_2\ * !\SPIM_1:BSPIM:state_1\
            + !\SPIM_1:BSPIM:state_1\ * !\SPIM_1:BSPIM:state_0\ * 
              !\SPIM_1:BSPIM:tx_status_1\
        );
        Output = \SPIM_1:BSPIM:state_0\ (fanout=12)

    MacroCell: Name=\SPIM_1:BSPIM:state_1\, Mode=(T-Register)
        Total # of inputs        : 10
        Total # of product terms : 4
        List of special equations: 
            Clock  = (\SPIM_1:Net_276_digital\) => Global
            Clock Enable: True
        Main Equation            : 4 pterms
        (
              !\SPIM_1:BSPIM:state_2\ * !\SPIM_1:BSPIM:state_1\ * 
              \SPIM_1:BSPIM:state_0\
            + !\SPIM_1:BSPIM:state_2\ * \SPIM_1:BSPIM:state_0\ * 
              !\SPIM_1:BSPIM:count_4\ * !\SPIM_1:BSPIM:count_3\ * 
              \SPIM_1:BSPIM:count_2\ * !\SPIM_1:BSPIM:count_1\ * 
              \SPIM_1:BSPIM:count_0\ * !\SPIM_1:BSPIM:tx_status_1\
            + \SPIM_1:BSPIM:state_2\ * !\SPIM_1:BSPIM:state_0\
            + \SPIM_1:BSPIM:state_1\ * !\SPIM_1:BSPIM:state_0\ * 
              !\SPIM_1:BSPIM:count_4\ * !\SPIM_1:BSPIM:count_3\ * 
              !\SPIM_1:BSPIM:count_2\ * \SPIM_1:BSPIM:count_1\ * 
              !\SPIM_1:BSPIM:count_0\ * !\SPIM_1:BSPIM:ld_ident\
        );
        Output = \SPIM_1:BSPIM:state_1\ (fanout=12)

    MacroCell: Name=\SPIM_1:BSPIM:state_2\, Mode=(D-Register)
        Total # of inputs        : 10
        Total # of product terms : 3
        List of special equations: 
            Clock  = (\SPIM_1:Net_276_digital\) => Global
            Clock Enable: True
        Main Equation            : 3 pterms
        (
              !\SPIM_1:BSPIM:state_2\ * !\SPIM_1:BSPIM:state_1\ * 
              \SPIM_1:BSPIM:state_0\
            + !\SPIM_1:BSPIM:state_2\ * \SPIM_1:BSPIM:state_1\ * 
              !\SPIM_1:BSPIM:state_0\ * !\SPIM_1:BSPIM:count_4\ * 
              !\SPIM_1:BSPIM:count_3\ * !\SPIM_1:BSPIM:count_2\ * 
              \SPIM_1:BSPIM:count_1\ * !\SPIM_1:BSPIM:count_0\ * 
              !\SPIM_1:BSPIM:ld_ident\
            + !\SPIM_1:BSPIM:state_2\ * \SPIM_1:BSPIM:state_0\ * 
              !\SPIM_1:BSPIM:count_4\ * !\SPIM_1:BSPIM:count_3\ * 
              \SPIM_1:BSPIM:count_2\ * !\SPIM_1:BSPIM:count_1\ * 
              \SPIM_1:BSPIM:count_0\ * !\SPIM_1:BSPIM:tx_status_1\
        );
        Output = \SPIM_1:BSPIM:state_2\ (fanout=12)

    MacroCell: Name=\SPIM_1:BSPIM:tx_status_0\, Mode=(Combinatorial)
        Total # of inputs        : 3
        Total # of product terms : 1
            Clock Enable: True
        Main Equation            : 1 pterm
        (
              \SPIM_1:BSPIM:state_2\ * !\SPIM_1:BSPIM:state_1\ * 
              \SPIM_1:BSPIM:state_0\
        );
        Output = \SPIM_1:BSPIM:tx_status_0\ (fanout=1)

    MacroCell: Name=\SPIM_1:BSPIM:tx_status_4\, Mode=(Combinatorial)
        Total # of inputs        : 3
        Total # of product terms : 1
            Clock Enable: True
        Main Equation            : 1 pterm
        (
              !\SPIM_1:BSPIM:state_2\ * !\SPIM_1:BSPIM:state_1\ * 
              !\SPIM_1:BSPIM:state_0\
        );
        Output = \SPIM_1:BSPIM:tx_status_4\ (fanout=1)
    </CYPRESSTAG>
    <CYPRESSTAG name="Datapath listing">

    ------------------------------------------------------------
    Datapath listing
    ------------------------------------------------------------

    datapathcell: Name =\SPIM_1:BSPIM:sR8:Dp:u0\
        PORT MAP (
            clock => \SPIM_1:Net_276_digital\ ,
            cs_addr_2 => \SPIM_1:BSPIM:state_2\ ,
            cs_addr_1 => \SPIM_1:BSPIM:state_1\ ,
            cs_addr_0 => \SPIM_1:BSPIM:state_0\ ,
            route_si => Net_43 ,
            f1_load => \SPIM_1:BSPIM:load_rx_data\ ,
            so_comb => \SPIM_1:BSPIM:mosi_from_dp\ ,
            f0_bus_stat_comb => \SPIM_1:BSPIM:tx_status_2\ ,
            f0_blk_stat_comb => \SPIM_1:BSPIM:tx_status_1\ ,
            f1_bus_stat_comb => \SPIM_1:BSPIM:rx_status_5\ ,
            f1_blk_stat_comb => \SPIM_1:BSPIM:rx_status_4\ );
        Properties:
        {
            a0_init = "00000000"
            a1_init = "00000000"
            ce0_sync = 1
            ce1_sync = 1
            cl0_sync = 1
            cl1_sync = 1
            cmsb_sync = 1
            co_msb_sync = 1
            cy_dpconfig = "0000000000000000000000001100000000000001010000000001000100010000000000011100000000010001000000000000000101000000000000010100000011111111000000001111111111111111000000000010001000001000111100000000000000000100"
            d0_init = "00000000"
            d1_init = "00000000"
            f0_blk_sync = 1
            f0_bus_sync = 1
            f1_blk_sync = 1
            f1_bus_sync = 1
            ff0_sync = 1
            ff1_sync = 1
            ov_msb_sync = 1
            so_sync = 1
            z0_sync = 1
            z1_sync = 1
        }
        Clock Polarity: Active High
        Clock Enable: True
    </CYPRESSTAG>
    <CYPRESSTAG name="Status register listing">
    </CYPRESSTAG>
    <CYPRESSTAG name="StatusI register listing">

    ------------------------------------------------------------
    StatusI register listing
    ------------------------------------------------------------

    statusicell: Name =\SPIM_1:BSPIM:RxStsReg\
        PORT MAP (
            clock => \SPIM_1:Net_276_digital\ ,
            status_6 => \SPIM_1:BSPIM:rx_status_6\ ,
            status_5 => \SPIM_1:BSPIM:rx_status_5\ ,
            status_4 => \SPIM_1:BSPIM:rx_status_4\ );
        Properties:
        {
            cy_force_order = 1
            cy_int_mask = "0000000"
            cy_md_select = "1000000"
        }
        Clock Polarity: Active High
        Clock Enable: True

    statusicell: Name =\SPIM_1:BSPIM:TxStsReg\
        PORT MAP (
            clock => \SPIM_1:Net_276_digital\ ,
            status_4 => \SPIM_1:BSPIM:tx_status_4\ ,
            status_3 => \SPIM_1:BSPIM:load_rx_data\ ,
            status_2 => \SPIM_1:BSPIM:tx_status_2\ ,
            status_1 => \SPIM_1:BSPIM:tx_status_1\ ,
            status_0 => \SPIM_1:BSPIM:tx_status_0\ );
        Properties:
        {
            cy_force_order = 1
            cy_int_mask = "0000000"
            cy_md_select = "0001001"
        }
        Clock Polarity: Active High
        Clock Enable: True
    </CYPRESSTAG>
    <CYPRESSTAG name="Sync listing">
    </CYPRESSTAG>
    <CYPRESSTAG name="Control register listing">
    </CYPRESSTAG>
    <CYPRESSTAG name="Count7 listing">

    ------------------------------------------------------------
    Count7 listing
    ------------------------------------------------------------

    count7cell: Name =\SPIM_1:BSPIM:BitCounter\
        PORT MAP (
            clock => \SPIM_1:Net_276_digital\ ,
            enable => \SPIM_1:BSPIM:cnt_enable\ ,
            count_6 => \SPIM_1:BSPIM:count_6\ ,
            count_5 => \SPIM_1:BSPIM:count_5\ ,
            count_4 => \SPIM_1:BSPIM:count_4\ ,
            count_3 => \SPIM_1:BSPIM:count_3\ ,
            count_2 => \SPIM_1:BSPIM:count_2\ ,
            count_1 => \SPIM_1:BSPIM:count_1\ ,
            count_0 => \SPIM_1:BSPIM:count_0\ ,
            tc => \SPIM_1:BSPIM:cnt_tc\ );
        Properties:
        {
            cy_alt_mode = 0
            cy_init_value = "0000000"
            cy_period = "0001111"
            cy_route_en = 1
            cy_route_ld = 0
        }
        Clock Polarity: Active High
        Clock Enable: True
    </CYPRESSTAG>
    <CYPRESSTAG name="DRQ listing">
    </CYPRESSTAG>
    <CYPRESSTAG name="Interrupt listing">

    ------------------------------------------------------------
    Interrupt listing
    ------------------------------------------------------------

    interrupt: Name =\I2C_1:SCB_IRQ\
        PORT MAP (
            interrupt => Net_8 );
        Properties:
        {
            int_type = "10"
        }
    </CYPRESSTAG>
</CYPRESSTAG>
<CYPRESSTAG name="Technology mapping summary" expanded>

------------------------------------------------------------
Technology mapping summary
------------------------------------------------------------

Resource Type                 : Used : Free :  Max :  % Used
============================================================
Digital clock dividers        :    1 :    3 :    4 :  25.00%
Pins                          :   10 :   26 :   36 :  27.78%
UDB Macrocells                :   13 :   19 :   32 :  40.63%
UDB Unique Pterms             :   33 :   31 :   64 :  51.56%
UDB Total Pterms              :   38 :      :      : 
UDB Datapath Cells            :    1 :    3 :    4 :  25.00%
UDB Status Cells              :    2 :    2 :    4 :  50.00%
            StatusI Registers :    2 
UDB Control Cells             :    1 :    3 :    4 :  25.00%
                 Count7 Cells :    1 
Interrupts                    :    1 :   31 :   32 :   3.13%
Comparator/Opamp Fixed Blocks :    0 :    2 :    2 :   0.00%
SAR Fixed Blocks              :    0 :    1 :    1 :   0.00%
CSD Fixed Blocks              :    0 :    1 :    1 :   0.00%
CapSense Blocks               :    0 :    1 :    1 :   0.00%
8-bit CapSense IDACs          :    0 :    1 :    1 :   0.00%
7-bit CapSense IDACs          :    0 :    1 :    1 :   0.00%
Temperature Sensor            :    0 :    1 :    1 :   0.00%
Low Power Comparator          :    0 :    2 :    2 :   0.00%
TCPWM Blocks                  :    0 :    4 :    4 :   0.00%
Serial Communication Blocks   :    2 :    0 :    2 : 100.00%
Segment LCD Blocks            :    0 :    1 :    1 :   0.00%
</CYPRESSTAG>
Technology Mapping: Elapsed time ==> 0s.123ms
Info: mpr.M0037: Unused pieces of the design have been optimized out. See the Tech mapping section of the report file for details. (App=cydsfit)
Tech mapping phase: Elapsed time ==> 0s.155ms
</CYPRESSTAG>
<CYPRESSTAG name="Analog Placement">
<CYPRESSTAG name="Analog Placement">
Elapsed time ==> 0.0079909s
</CYPRESSTAG>
Analog Placement phase: Elapsed time ==> 0s.047ms
</CYPRESSTAG>
<CYPRESSTAG name="Analog Routing">
<CYPRESSTAG name="Analog Routing">
Route success=True, Iterations=1 Elapsed=0.0005162 secs
</CYPRESSTAG>
Analog Routing phase: Elapsed time ==> 0s.001ms
</CYPRESSTAG>
<CYPRESSTAG name="Analog Code Generation">
============ Analog Final Answer Routes ============
Dump of CyAnalogRoutingResultsDB
Map of net to items {
}
Map of item to net {
}
Mux Info {
}
Analog Code Generation phase: Elapsed time ==> 0s.114ms
</CYPRESSTAG>
<CYPRESSTAG name="Digital Placement">
<CYPRESSTAG name="Detailed placement messages">
I2076: Total run-time: 0.4 sec.

</CYPRESSTAG>
<CYPRESSTAG name="PLD Packing">
<CYPRESSTAG name="PLD Packing Summary" expanded>

------------------------------------------------------------
PLD Packing Summary
------------------------------------------------------------
            Resource Type : Used : Free :  Max :  % Used
    ====================================================
                     PLDs :    8 :    0 :    8 : 100.00%

<CYPRESSTAG name="PLD Statistics">

        PLD Resource Type :     Average/LAB
    =======================================
                   Inputs :            7.63
                   Pterms :            4.50
               Macrocells :            1.63
</CYPRESSTAG>
<CYPRESSTAG name="Packed PLD Contents">
Packed PLD Contents not displayed at this verbose level.</CYPRESSTAG>
</CYPRESSTAG>
PLD Packing: Elapsed time ==> 0s.001ms
</CYPRESSTAG>
<CYPRESSTAG name="Partitioning">
<CYPRESSTAG name="Initial Partitioning Summary">
Initial Partitioning Summary not displayed at this verbose level.</CYPRESSTAG>
<CYPRESSTAG name="Final Partitioning Summary">
Final Partitioning Summary not displayed at this verbose level.</CYPRESSTAG>
Partitioning: Elapsed time ==> 0s.016ms
</CYPRESSTAG>
<CYPRESSTAG name="Simulated Annealing">
Annealing: Elapsed time ==> 0s.002ms
<CYPRESSTAG name="Simulated Annealing Results">
The seed used for moves was 114161200.
Inital cost was 108, final cost is 108 (0.00% improvement).</CYPRESSTAG>
</CYPRESSTAG>
<CYPRESSTAG name="Final Placement Summary">

------------------------------------------------------------
Final Placement Summary
------------------------------------------------------------

       Resource Type :      Count : Avg Inputs : Avg Outputs
    ========================================================
                 UDB :          4 :       9.50 :       3.25
<CYPRESSTAG name="Final Placement Details">
<CYPRESSTAG name="Component Details">

------------------------------------------------------------
Component Placement Details
------------------------------------------------------------
UDB [UDB=(0,0)] contents:
LAB@[UDB=(0,0)][LB=0] #macrocells=3, #inputs=9, #pterms=4
{
    [McSlotId=0]:     MacroCell: Name=\SPIM_1:BSPIM:load_rx_data\, Mode=(Combinatorial) @ [UDB=(0,0)][LB=0][MC=0]
        Total # of inputs        : 5
        Total # of product terms : 1
            Clock Enable: True
        Main Equation            : 1 pterm
        (
              !\SPIM_1:BSPIM:count_4\ * !\SPIM_1:BSPIM:count_3\ * 
              !\SPIM_1:BSPIM:count_2\ * !\SPIM_1:BSPIM:count_1\ * 
              \SPIM_1:BSPIM:count_0\
        );
        Output = \SPIM_1:BSPIM:load_rx_data\ (fanout=2)
        Properties               : 
        {
        }

    [McSlotId=1]: (empty)
    [McSlotId=2]:     MacroCell: Name=Net_41, Mode=(D-Register) @ [UDB=(0,0)][LB=0][MC=2]
        Total # of inputs        : 4
        Total # of product terms : 2
        List of special equations: 
            Clock  = (\SPIM_1:Net_276_digital\) => Global
            Clock Enable: True
        Main Equation            : 2 pterms
        (
              !\SPIM_1:BSPIM:state_2\ * \SPIM_1:BSPIM:state_1\ * 
              \SPIM_1:BSPIM:state_0\
            + \SPIM_1:BSPIM:state_1\ * \SPIM_1:BSPIM:state_0\ * Net_41
        );
        Output = Net_41 (fanout=2)
        Properties               : 
        {
        }

    [McSlotId=3]:     MacroCell: Name=\SPIM_1:BSPIM:tx_status_4\, Mode=(Combinatorial) @ [UDB=(0,0)][LB=0][MC=3]
        Total # of inputs        : 3
        Total # of product terms : 1
            Clock Enable: True
        Main Equation            : 1 pterm
        (
              !\SPIM_1:BSPIM:state_2\ * !\SPIM_1:BSPIM:state_1\ * 
              !\SPIM_1:BSPIM:state_0\
        );
        Output = \SPIM_1:BSPIM:tx_status_4\ (fanout=1)
        Properties               : 
        {
        }
}

LAB@[UDB=(0,0)][LB=1] #macrocells=1, #inputs=4, #pterms=4
{
    [McSlotId=0]: (empty)
    [McSlotId=1]:     MacroCell: Name=Net_42, Mode=(D-Register) @ [UDB=(0,0)][LB=1][MC=1]
        Total # of inputs        : 4
        Total # of product terms : 4
        List of special equations: 
            Clock  = (\SPIM_1:Net_276_digital\) => Global
            Clock Enable: True
        Main Equation            : 4 pterms
        !(
              !\SPIM_1:BSPIM:state_2\ * !\SPIM_1:BSPIM:state_1\ * 
              \SPIM_1:BSPIM:state_0\
            + !\SPIM_1:BSPIM:state_2\ * \SPIM_1:BSPIM:state_1\ * !Net_42
            + \SPIM_1:BSPIM:state_2\ * !\SPIM_1:BSPIM:state_1\ * 
              !\SPIM_1:BSPIM:state_0\ * !Net_42
            + \SPIM_1:BSPIM:state_1\ * \SPIM_1:BSPIM:state_0\ * !Net_42
        );
        Output = Net_42 (fanout=1)
        Properties               : 
        {
        }

    [McSlotId=2]: (empty)
    [McSlotId=3]: (empty)
}

statusicell: Name =\SPIM_1:BSPIM:TxStsReg\
    PORT MAP (
        clock => \SPIM_1:Net_276_digital\ ,
        status_4 => \SPIM_1:BSPIM:tx_status_4\ ,
        status_3 => \SPIM_1:BSPIM:load_rx_data\ ,
        status_2 => \SPIM_1:BSPIM:tx_status_2\ ,
        status_1 => \SPIM_1:BSPIM:tx_status_1\ ,
        status_0 => \SPIM_1:BSPIM:tx_status_0\ );
    Properties:
    {
        cy_force_order = 1
        cy_int_mask = "0000000"
        cy_md_select = "0001001"
    }
    Clock Polarity: Active High
    Clock Enable: True

UDB [UDB=(0,1)] contents:
LAB@[UDB=(0,1)][LB=0] #macrocells=1, #inputs=4, #pterms=3
{
    [McSlotId=0]:     MacroCell: Name=\SPIM_1:BSPIM:state_0\, Mode=(T-Register) @ [UDB=(0,1)][LB=0][MC=0]
        Total # of inputs        : 4
        Total # of product terms : 3
        List of special equations: 
            Clock  = (\SPIM_1:Net_276_digital\) => Global
            Clock Enable: True
        Main Equation            : 3 pterms
        (
              !\SPIM_1:BSPIM:state_2\ * \SPIM_1:BSPIM:state_1\
            + \SPIM_1:BSPIM:state_2\ * !\SPIM_1:BSPIM:state_1\
            + !\SPIM_1:BSPIM:state_1\ * !\SPIM_1:BSPIM:state_0\ * 
              !\SPIM_1:BSPIM:tx_status_1\
        );
        Output = \SPIM_1:BSPIM:state_0\ (fanout=12)
        Properties               : 
        {
        }

    [McSlotId=1]: (empty)
    [McSlotId=2]: (empty)
    [McSlotId=3]: (empty)
}

LAB@[UDB=(0,1)][LB=1] #macrocells=1, #inputs=3, #pterms=1
{
    [McSlotId=0]: (empty)
    [McSlotId=1]: (empty)
    [McSlotId=2]:     MacroCell: Name=\SPIM_1:BSPIM:tx_status_0\, Mode=(Combinatorial) @ [UDB=(0,1)][LB=1][MC=2]
        Total # of inputs        : 3
        Total # of product terms : 1
            Clock Enable: True
        Main Equation            : 1 pterm
        (
              \SPIM_1:BSPIM:state_2\ * !\SPIM_1:BSPIM:state_1\ * 
              \SPIM_1:BSPIM:state_0\
        );
        Output = \SPIM_1:BSPIM:tx_status_0\ (fanout=1)
        Properties               : 
        {
        }

    [McSlotId=3]: (empty)
}

UDB [UDB=(1,0)] contents:
LAB@[UDB=(1,0)][LB=0] #macrocells=2, #inputs=10, #pterms=5
{
    [McSlotId=0]:     MacroCell: Name=\SPIM_1:BSPIM:state_1\, Mode=(T-Register) @ [UDB=(1,0)][LB=0][MC=0]
        Total # of inputs        : 10
        Total # of product terms : 4
        List of special equations: 
            Clock  = (\SPIM_1:Net_276_digital\) => Global
            Clock Enable: True
        Main Equation            : 4 pterms
        (
              !\SPIM_1:BSPIM:state_2\ * !\SPIM_1:BSPIM:state_1\ * 
              \SPIM_1:BSPIM:state_0\
            + !\SPIM_1:BSPIM:state_2\ * \SPIM_1:BSPIM:state_0\ * 
              !\SPIM_1:BSPIM:count_4\ * !\SPIM_1:BSPIM:count_3\ * 
              \SPIM_1:BSPIM:count_2\ * !\SPIM_1:BSPIM:count_1\ * 
              \SPIM_1:BSPIM:count_0\ * !\SPIM_1:BSPIM:tx_status_1\
            + \SPIM_1:BSPIM:state_2\ * !\SPIM_1:BSPIM:state_0\
            + \SPIM_1:BSPIM:state_1\ * !\SPIM_1:BSPIM:state_0\ * 
              !\SPIM_1:BSPIM:count_4\ * !\SPIM_1:BSPIM:count_3\ * 
              !\SPIM_1:BSPIM:count_2\ * \SPIM_1:BSPIM:count_1\ * 
              !\SPIM_1:BSPIM:count_0\ * !\SPIM_1:BSPIM:ld_ident\
        );
        Output = \SPIM_1:BSPIM:state_1\ (fanout=12)
        Properties               : 
        {
        }

    [McSlotId=1]: (empty)
    [McSlotId=2]: (empty)
    [McSlotId=3]:     MacroCell: Name=\SPIM_1:BSPIM:state_2\, Mode=(D-Register) @ [UDB=(1,0)][LB=0][MC=3]
        Total # of inputs        : 10
        Total # of product terms : 3
        List of special equations: 
            Clock  = (\SPIM_1:Net_276_digital\) => Global
            Clock Enable: True
        Main Equation            : 3 pterms
        (
              !\SPIM_1:BSPIM:state_2\ * !\SPIM_1:BSPIM:state_1\ * 
              \SPIM_1:BSPIM:state_0\
            + !\SPIM_1:BSPIM:state_2\ * \SPIM_1:BSPIM:state_1\ * 
              !\SPIM_1:BSPIM:state_0\ * !\SPIM_1:BSPIM:count_4\ * 
              !\SPIM_1:BSPIM:count_3\ * !\SPIM_1:BSPIM:count_2\ * 
              \SPIM_1:BSPIM:count_1\ * !\SPIM_1:BSPIM:count_0\ * 
              !\SPIM_1:BSPIM:ld_ident\
            + !\SPIM_1:BSPIM:state_2\ * \SPIM_1:BSPIM:state_0\ * 
              !\SPIM_1:BSPIM:count_4\ * !\SPIM_1:BSPIM:count_3\ * 
              \SPIM_1:BSPIM:count_2\ * !\SPIM_1:BSPIM:count_1\ * 
              \SPIM_1:BSPIM:count_0\ * !\SPIM_1:BSPIM:tx_status_1\
        );
        Output = \SPIM_1:BSPIM:state_2\ (fanout=12)
        Properties               : 
        {
        }
}

LAB@[UDB=(1,0)][LB=1] #macrocells=2, #inputs=10, #pterms=5
{
    [McSlotId=0]:     MacroCell: Name=\SPIM_1:BSPIM:load_cond\, Mode=(T-Register) @ [UDB=(1,0)][LB=1][MC=0]
        Total # of inputs        : 9
        Total # of product terms : 4
        List of special equations: 
            Clock  = (\SPIM_1:Net_276_digital\) => Global
            Clock Enable: True
        Main Equation            : 4 pterms
        (
              !\SPIM_1:BSPIM:state_2\ * !\SPIM_1:BSPIM:count_4\ * 
              !\SPIM_1:BSPIM:count_3\ * !\SPIM_1:BSPIM:count_2\ * 
              !\SPIM_1:BSPIM:count_1\ * !\SPIM_1:BSPIM:count_0\ * 
              \SPIM_1:BSPIM:load_cond\
            + \SPIM_1:BSPIM:state_2\ * !\SPIM_1:BSPIM:state_1\ * 
              !\SPIM_1:BSPIM:state_0\ * !\SPIM_1:BSPIM:load_cond\
            + \SPIM_1:BSPIM:state_1\ * !\SPIM_1:BSPIM:count_4\ * 
              !\SPIM_1:BSPIM:count_3\ * !\SPIM_1:BSPIM:count_2\ * 
              !\SPIM_1:BSPIM:count_1\ * !\SPIM_1:BSPIM:count_0\ * 
              \SPIM_1:BSPIM:load_cond\
            + \SPIM_1:BSPIM:state_0\ * !\SPIM_1:BSPIM:count_4\ * 
              !\SPIM_1:BSPIM:count_3\ * !\SPIM_1:BSPIM:count_2\ * 
              !\SPIM_1:BSPIM:count_1\ * !\SPIM_1:BSPIM:count_0\ * 
              \SPIM_1:BSPIM:load_cond\
        );
        Output = \SPIM_1:BSPIM:load_cond\ (fanout=1)
        Properties               : 
        {
        }

    [McSlotId=1]:     MacroCell: Name=\SPIM_1:BSPIM:rx_status_6\, Mode=(Combinatorial) @ [UDB=(1,0)][LB=1][MC=1]
        Total # of inputs        : 6
        Total # of product terms : 1
            Clock Enable: True
        Main Equation            : 1 pterm
        (
              !\SPIM_1:BSPIM:count_4\ * !\SPIM_1:BSPIM:count_3\ * 
              !\SPIM_1:BSPIM:count_2\ * !\SPIM_1:BSPIM:count_1\ * 
              \SPIM_1:BSPIM:count_0\ * \SPIM_1:BSPIM:rx_status_4\
        );
        Output = \SPIM_1:BSPIM:rx_status_6\ (fanout=1)
        Properties               : 
        {
        }

    [McSlotId=2]: (empty)
    [McSlotId=3]: (empty)
}

statusicell: Name =\SPIM_1:BSPIM:RxStsReg\
    PORT MAP (
        clock => \SPIM_1:Net_276_digital\ ,
        status_6 => \SPIM_1:BSPIM:rx_status_6\ ,
        status_5 => \SPIM_1:BSPIM:rx_status_5\ ,
        status_4 => \SPIM_1:BSPIM:rx_status_4\ );
    Properties:
    {
        cy_force_order = 1
        cy_int_mask = "0000000"
        cy_md_select = "1000000"
    }
    Clock Polarity: Active High
    Clock Enable: True

UDB [UDB=(1,1)] contents:
LAB@[UDB=(1,1)][LB=0] #macrocells=1, #inputs=11, #pterms=7
{
    [McSlotId=0]:     MacroCell: Name=Net_40, Mode=(D-Register) @ [UDB=(1,1)][LB=0][MC=0]
        Total # of inputs        : 11
        Total # of product terms : 7
        List of special equations: 
            Clock  = (\SPIM_1:Net_276_digital\) => Global
            Clock Enable: True
        Main Equation            : 7 pterms
        !(
              !Net_40 * !\SPIM_1:BSPIM:state_2\ * \SPIM_1:BSPIM:state_0\
            + !\SPIM_1:BSPIM:state_2\ * !\SPIM_1:BSPIM:state_1\ * 
              !\SPIM_1:BSPIM:state_0\
            + !\SPIM_1:BSPIM:state_2\ * !\SPIM_1:BSPIM:state_0\ * 
              !\SPIM_1:BSPIM:count_4\ * !\SPIM_1:BSPIM:count_3\ * 
              !\SPIM_1:BSPIM:count_2\ * \SPIM_1:BSPIM:count_1\ * 
              !\SPIM_1:BSPIM:count_0\ * !\SPIM_1:BSPIM:ld_ident\
            + \SPIM_1:BSPIM:state_2\ * !\SPIM_1:BSPIM:state_1\ * 
              \SPIM_1:BSPIM:state_0\
            + \SPIM_1:BSPIM:state_2\ * \SPIM_1:BSPIM:state_1\ * 
              !\SPIM_1:BSPIM:state_0\
            + \SPIM_1:BSPIM:state_2\ * !\SPIM_1:BSPIM:mosi_from_dp\
            + !\SPIM_1:BSPIM:state_0\ * !\SPIM_1:BSPIM:mosi_from_dp\
        );
        Output = Net_40 (fanout=2)
        Properties               : 
        {
        }

    [McSlotId=1]: (empty)
    [McSlotId=2]: (empty)
    [McSlotId=3]: (empty)
}

LAB@[UDB=(1,1)][LB=1] #macrocells=2, #inputs=10, #pterms=7
{
    [McSlotId=0]:     MacroCell: Name=\SPIM_1:BSPIM:cnt_enable\, Mode=(T-Register) @ [UDB=(1,1)][LB=1][MC=0]
        Total # of inputs        : 4
        Total # of product terms : 4
        List of special equations: 
            Clock  = (\SPIM_1:Net_276_digital\) => Global
            Clock Enable: True
        Main Equation            : 4 pterms
        (
              !\SPIM_1:BSPIM:state_2\ * !\SPIM_1:BSPIM:state_1\ * 
              !\SPIM_1:BSPIM:state_0\ * \SPIM_1:BSPIM:cnt_enable\
            + !\SPIM_1:BSPIM:state_2\ * \SPIM_1:BSPIM:state_1\ * 
              \SPIM_1:BSPIM:state_0\ * !\SPIM_1:BSPIM:cnt_enable\
            + \SPIM_1:BSPIM:state_2\ * !\SPIM_1:BSPIM:state_1\ * 
              \SPIM_1:BSPIM:state_0\ * \SPIM_1:BSPIM:cnt_enable\
            + \SPIM_1:BSPIM:state_2\ * \SPIM_1:BSPIM:state_1\ * 
              !\SPIM_1:BSPIM:state_0\ * \SPIM_1:BSPIM:cnt_enable\
        );
        Output = \SPIM_1:BSPIM:cnt_enable\ (fanout=3)
        Properties               : 
        {
        }

    [McSlotId=1]: (empty)
    [McSlotId=2]:     MacroCell: Name=\SPIM_1:BSPIM:ld_ident\, Mode=(T-Register) @ [UDB=(1,1)][LB=1][MC=2]
        Total # of inputs        : 9
        Total # of product terms : 3
        List of special equations: 
            Clock  = (\SPIM_1:Net_276_digital\) => Global
            Clock Enable: True
        Main Equation            : 3 pterms
        (
              \SPIM_1:BSPIM:state_2\ * !\SPIM_1:BSPIM:state_1\ * 
              !\SPIM_1:BSPIM:state_0\ * !\SPIM_1:BSPIM:ld_ident\
            + \SPIM_1:BSPIM:state_2\ * \SPIM_1:BSPIM:state_1\ * 
              !\SPIM_1:BSPIM:state_0\ * \SPIM_1:BSPIM:ld_ident\
            + \SPIM_1:BSPIM:state_1\ * !\SPIM_1:BSPIM:state_0\ * 
              !\SPIM_1:BSPIM:count_4\ * !\SPIM_1:BSPIM:count_3\ * 
              !\SPIM_1:BSPIM:count_2\ * \SPIM_1:BSPIM:count_1\ * 
              !\SPIM_1:BSPIM:count_0\ * \SPIM_1:BSPIM:ld_ident\
        );
        Output = \SPIM_1:BSPIM:ld_ident\ (fanout=4)
        Properties               : 
        {
        }

    [McSlotId=3]: (empty)
}

datapathcell: Name =\SPIM_1:BSPIM:sR8:Dp:u0\
    PORT MAP (
        clock => \SPIM_1:Net_276_digital\ ,
        cs_addr_2 => \SPIM_1:BSPIM:state_2\ ,
        cs_addr_1 => \SPIM_1:BSPIM:state_1\ ,
        cs_addr_0 => \SPIM_1:BSPIM:state_0\ ,
        route_si => Net_43 ,
        f1_load => \SPIM_1:BSPIM:load_rx_data\ ,
        so_comb => \SPIM_1:BSPIM:mosi_from_dp\ ,
        f0_bus_stat_comb => \SPIM_1:BSPIM:tx_status_2\ ,
        f0_blk_stat_comb => \SPIM_1:BSPIM:tx_status_1\ ,
        f1_bus_stat_comb => \SPIM_1:BSPIM:rx_status_5\ ,
        f1_blk_stat_comb => \SPIM_1:BSPIM:rx_status_4\ );
    Properties:
    {
        a0_init = "00000000"
        a1_init = "00000000"
        ce0_sync = 1
        ce1_sync = 1
        cl0_sync = 1
        cl1_sync = 1
        cmsb_sync = 1
        co_msb_sync = 1
        cy_dpconfig = "0000000000000000000000001100000000000001010000000001000100010000000000011100000000010001000000000000000101000000000000010100000011111111000000001111111111111111000000000010001000001000111100000000000000000100"
        d0_init = "00000000"
        d1_init = "00000000"
        f0_blk_sync = 1
        f0_bus_sync = 1
        f1_blk_sync = 1
        f1_bus_sync = 1
        ff0_sync = 1
        ff1_sync = 1
        ov_msb_sync = 1
        so_sync = 1
        z0_sync = 1
        z1_sync = 1
    }
    Clock Polarity: Active High
    Clock Enable: True

count7cell: Name =\SPIM_1:BSPIM:BitCounter\
    PORT MAP (
        clock => \SPIM_1:Net_276_digital\ ,
        enable => \SPIM_1:BSPIM:cnt_enable\ ,
        count_6 => \SPIM_1:BSPIM:count_6\ ,
        count_5 => \SPIM_1:BSPIM:count_5\ ,
        count_4 => \SPIM_1:BSPIM:count_4\ ,
        count_3 => \SPIM_1:BSPIM:count_3\ ,
        count_2 => \SPIM_1:BSPIM:count_2\ ,
        count_1 => \SPIM_1:BSPIM:count_1\ ,
        count_0 => \SPIM_1:BSPIM:count_0\ ,
        tc => \SPIM_1:BSPIM:cnt_tc\ );
    Properties:
    {
        cy_alt_mode = 0
        cy_init_value = "0000000"
        cy_period = "0001111"
        cy_route_en = 1
        cy_route_ld = 0
    }
    Clock Polarity: Active High
    Clock Enable: True

Intr hod @ [IntrHod=(0)]: 
  Intr@ [IntrHod=(0)][IntrId=(11)] 
    interrupt: Name =\I2C_1:SCB_IRQ\
        PORT MAP (
            interrupt => Net_8 );
        Properties:
        {
            int_type = "10"
        }
Port 0 contains the following IO cells:
[IoId=4]: 
Pin : Name = \I2C_1:scl(0)\
    Attributes:
        In Group/Port: True
        In Sync Option: NOSYNC
        Out Sync Option: NOSYNC
        Interrupt generated: False
        Interrupt mode: NONE
        Drive mode: OPEN_DRAIN_LO
        VTrip: CMOS
        Slew: FAST
        Input Sync needed: False
        Output Sync needed: False
        SC shield enabled: False
        POR State: ANY
        LCD Mode: COMMON
        Register Mode: RegComb
        CaSense Mode: NEITHER
        Treat as pin: True
        Is OE Registered: False
        Uses Analog: False
        Can contain Digital: True
        Is SIO: False
        SIO Output Buf: NONREGULATED
        SIO Input Buf: SINGLE_ENDED
        SIO HiFreq: LOW
        SIO Hyst: DISABLED
        SIO Vtrip: MULTIPLIER_0_5
        SIO RefSel: VCC_IO
        Required Capabilitites: DIGITAL, I2CWKUP_SCL
        Initial Value: 1
        IO Voltage: 0
    PORT MAP (
        pa_out => \I2C_1:scl(0)\__PA ,
        fb => \I2C_1:Net_580\ ,
        pad => \I2C_1:scl(0)_PAD\ );
    Properties:
    {
    }

[IoId=5]: 
Pin : Name = \I2C_1:sda(0)\
    Attributes:
        In Group/Port: True
        In Sync Option: NOSYNC
        Out Sync Option: NOSYNC
        Interrupt generated: False
        Interrupt mode: NONE
        Drive mode: OPEN_DRAIN_LO
        VTrip: CMOS
        Slew: FAST
        Input Sync needed: False
        Output Sync needed: False
        SC shield enabled: False
        POR State: ANY
        LCD Mode: COMMON
        Register Mode: RegComb
        CaSense Mode: NEITHER
        Treat as pin: True
        Is OE Registered: False
        Uses Analog: False
        Can contain Digital: True
        Is SIO: False
        SIO Output Buf: NONREGULATED
        SIO Input Buf: SINGLE_ENDED
        SIO HiFreq: LOW
        SIO Hyst: DISABLED
        SIO Vtrip: MULTIPLIER_0_5
        SIO RefSel: VCC_IO
        Required Capabilitites: DIGITAL, I2CWKUP_SDA
        Initial Value: 1
        IO Voltage: 0
    PORT MAP (
        pa_out => \I2C_1:sda(0)\__PA ,
        fb => \I2C_1:Net_581\ ,
        pad => \I2C_1:sda(0)_PAD\ );
    Properties:
    {
    }

Port 1 is empty
Port 2 contains the following IO cells:
[IoId=6]: 
Pin : Name = miso(0)
    Attributes:
        In Group/Port: True
        In Sync Option: SYNC
        Out Sync Option: AUTO
        Interrupt generated: False
        Interrupt mode: NONE
        Drive mode: HI_Z_DIGITAL
        VTrip: CMOS
        Slew: FAST
        Input Sync needed: True
        Output Sync needed: False
        SC shield enabled: False
        POR State: ANY
        LCD Mode: COMMON
        Register Mode: RegComb
        CaSense Mode: NEITHER
        Treat as pin: True
        Is OE Registered: False
        Uses Analog: False
        Can contain Digital: True
        Is SIO: False
        SIO Output Buf: NONREGULATED
        SIO Input Buf: SINGLE_ENDED
        SIO HiFreq: LOW
        SIO Hyst: DISABLED
        SIO Vtrip: MULTIPLIER_0_5
        SIO RefSel: VCC_IO
        Required Capabilitites: DIGITAL, ROUTABLE
        Initial Value: 0
        IO Voltage: 0
    PORT MAP (
        pa_out => miso(0)__PA ,
        fb => Net_43 ,
        pad => miso(0)_PAD );
    Properties:
    {
    }

Port 3 contains the following IO cells:
[IoId=0]: 
Pin : Name = sclk(0)
    Attributes:
        In Group/Port: True
        In Sync Option: AUTO
        Out Sync Option: NOSYNC
        Interrupt generated: False
        Interrupt mode: NONE
        Drive mode: CMOS_OUT
        VTrip: EITHER
        Slew: FAST
        Input Sync needed: False
        Output Sync needed: False
        SC shield enabled: False
        POR State: ANY
        LCD Mode: COMMON
        Register Mode: RegComb
        CaSense Mode: NEITHER
        Treat as pin: True
        Is OE Registered: False
        Uses Analog: False
        Can contain Digital: True
        Is SIO: False
        SIO Output Buf: NONREGULATED
        SIO Input Buf: SINGLE_ENDED
        SIO HiFreq: LOW
        SIO Hyst: DISABLED
        SIO Vtrip: MULTIPLIER_0_5
        SIO RefSel: VCC_IO
        Required Capabilitites: DIGITAL, ROUTABLE
        Initial Value: 1
        IO Voltage: 0
    PORT MAP (
        pa_out => sclk(0)__PA ,
        input => Net_41 ,
        pad => sclk(0)_PAD );
    Properties:
    {
    }

[IoId=4]: 
Pin : Name = Pin_4(0)
    Attributes:
        In Group/Port: True
        In Sync Option: AUTO
        Out Sync Option: NOSYNC
        Interrupt generated: False
        Interrupt mode: NONE
        Drive mode: CMOS_OUT
        VTrip: EITHER
        Slew: FAST
        Input Sync needed: False
        Output Sync needed: False
        SC shield enabled: False
        POR State: ANY
        LCD Mode: COMMON
        Register Mode: RegComb
        CaSense Mode: NEITHER
        Treat as pin: True
        Is OE Registered: False
        Uses Analog: False
        Can contain Digital: True
        Is SIO: False
        SIO Output Buf: NONREGULATED
        SIO Input Buf: SINGLE_ENDED
        SIO HiFreq: LOW
        SIO Hyst: DISABLED
        SIO Vtrip: MULTIPLIER_0_5
        SIO RefSel: VCC_IO
        Required Capabilitites: DIGITAL
        Initial Value: 0
        IO Voltage: 0
    PORT MAP (
        pa_out => Pin_4(0)__PA ,
        pad => Pin_4(0)_PAD );
    Properties:
    {
    }

[IoId=6]: 
Pin : Name = mosi(0)
    Attributes:
        In Group/Port: True
        In Sync Option: AUTO
        Out Sync Option: NOSYNC
        Interrupt generated: False
        Interrupt mode: NONE
        Drive mode: CMOS_OUT
        VTrip: EITHER
        Slew: FAST
        Input Sync needed: False
        Output Sync needed: False
        SC shield enabled: False
        POR State: ANY
        LCD Mode: COMMON
        Register Mode: RegComb
        CaSense Mode: NEITHER
        Treat as pin: True
        Is OE Registered: False
        Uses Analog: False
        Can contain Digital: True
        Is SIO: False
        SIO Output Buf: NONREGULATED
        SIO Input Buf: SINGLE_ENDED
        SIO HiFreq: LOW
        SIO Hyst: DISABLED
        SIO Vtrip: MULTIPLIER_0_5
        SIO RefSel: VCC_IO
        Required Capabilitites: DIGITAL, ROUTABLE
        Initial Value: 1
        IO Voltage: 0
    PORT MAP (
        pa_out => mosi(0)__PA ,
        input => Net_40 ,
        pad => mosi(0)_PAD );
    Properties:
    {
    }

Port 4 contains the following IO cells:
[IoId=0]: 
Pin : Name = \UART_1:rx(0)\
    Attributes:
        In Group/Port: True
        In Sync Option: NOSYNC
        Out Sync Option: AUTO
        Interrupt generated: False
        Interrupt mode: NONE
        Drive mode: HI_Z_DIGITAL
        VTrip: CMOS
        Slew: FAST
        Input Sync needed: False
        Output Sync needed: False
        SC shield enabled: False
        POR State: ANY
        LCD Mode: COMMON
        Register Mode: RegComb
        CaSense Mode: NEITHER
        Treat as pin: True
        Is OE Registered: False
        Uses Analog: False
        Can contain Digital: True
        Is SIO: False
        SIO Output Buf: NONREGULATED
        SIO Input Buf: SINGLE_ENDED
        SIO HiFreq: LOW
        SIO Hyst: DISABLED
        SIO Vtrip: MULTIPLIER_0_5
        SIO RefSel: VCC_IO
        Required Capabilitites: DIGITAL, SCB_UART_RX
        Initial Value: 0
        IO Voltage: 0
    PORT MAP (
        pa_out => \UART_1:rx(0)\__PA ,
        fb => \UART_1:Net_654\ ,
        pad => \UART_1:rx(0)_PAD\ );
    Properties:
    {
    }

[IoId=1]: 
Pin : Name = \UART_1:tx(0)\
    Attributes:
        In Group/Port: True
        In Sync Option: NOSYNC
        Out Sync Option: NOSYNC
        Interrupt generated: False
        Interrupt mode: NONE
        Drive mode: CMOS_OUT
        VTrip: CMOS
        Slew: FAST
        Input Sync needed: False
        Output Sync needed: False
        SC shield enabled: False
        POR State: ANY
        LCD Mode: COMMON
        Register Mode: RegComb
        CaSense Mode: NEITHER
        Treat as pin: True
        Is OE Registered: False
        Uses Analog: False
        Can contain Digital: True
        Is SIO: False
        SIO Output Buf: NONREGULATED
        SIO Input Buf: SINGLE_ENDED
        SIO HiFreq: LOW
        SIO Hyst: DISABLED
        SIO Vtrip: MULTIPLIER_0_5
        SIO RefSel: VCC_IO
        Required Capabilitites: DIGITAL, SCB_UART_TX
        Initial Value: 1
        IO Voltage: 0
    PORT MAP (
        pa_out => \UART_1:tx(0)\__PA ,
        input => \UART_1:Net_656\ ,
        pad => \UART_1:tx(0)_PAD\ );
    Properties:
    {
    }

Fixed Function block hod @ [FFB(Clock,0)]: 
    M0S8 Clock Block @ [FFB(Clock,0)]: 
    m0s8clockblockcell: Name =ClockBlock
        PORT MAP (
            lfclk => ClockBlock_LFCLK ,
            ilo => ClockBlock_ILO ,
            sysclk => ClockBlock_SYSCLK ,
            ext => ClockBlock_EXTCLK ,
            imo => ClockBlock_IMO ,
            hfclk => ClockBlock_HFCLK ,
            udb_div_0 => dclk_to_genclk ,
            ff_div_2 => \I2C_1:Net_284_ff2\ ,
            ff_div_3 => \UART_1:Net_284_ff3\ );
        Properties:
        {
        }
Fixed Function block hod @ [FFB(PM,0)]: empty
Fixed Function block hod @ [FFB(SPC,0)]: empty
Fixed Function block hod @ [FFB(WDT,0)]: empty
Fixed Function block hod @ [FFB(FSS,0)]: empty
Fixed Function block hod @ [FFB(LPCOMP,0)]: empty
Fixed Function block hod @ [FFB(SCB,0)]: 
    Scb Block @ [FFB(SCB,0)]: 
    m0s8scbcell: Name =\UART_1:SCB\
        PORT MAP (
            clock => \UART_1:Net_284_ff3\ ,
            interrupt => Net_11 ,
            rx => \UART_1:Net_654\ ,
            tx => \UART_1:Net_656\ ,
            mosi_m => \UART_1:Net_660\ ,
            select_m_3 => \UART_1:ss_3\ ,
            select_m_2 => \UART_1:ss_2\ ,
            select_m_1 => \UART_1:ss_1\ ,
            select_m_0 => \UART_1:ss_0\ ,
            sclk_m => \UART_1:Net_687\ ,
            miso_s => \UART_1:Net_703\ );
        Properties:
        {
            cy_registers = ""
            scb_mode = 2
        }
    Scb Block @ [FFB(SCB,1)]: 
    m0s8scbcell: Name =\I2C_1:SCB\
        PORT MAP (
            clock => \I2C_1:Net_284_ff2\ ,
            interrupt => Net_8 ,
            tx => \I2C_1:Net_656\ ,
            mosi_m => \I2C_1:Net_660\ ,
            select_m_3 => \I2C_1:ss_3\ ,
            select_m_2 => \I2C_1:ss_2\ ,
            select_m_1 => \I2C_1:ss_1\ ,
            select_m_0 => \I2C_1:ss_0\ ,
            sclk_m => \I2C_1:Net_687\ ,
            miso_s => \I2C_1:Net_703\ ,
            scl => \I2C_1:Net_580\ ,
            sda => \I2C_1:Net_581\ );
        Properties:
        {
            cy_registers = ""
            scb_mode = 0
        }
Fixed Function block hod @ [FFB(CSD,0)]: empty
Fixed Function block hod @ [FFB(CSIDAC8,0)]: empty
Fixed Function block hod @ [FFB(CSIDAC7,0)]: empty
Fixed Function block hod @ [FFB(TCPWM,0)]: empty
Fixed Function block hod @ [FFB(OA,0)]: empty
Fixed Function block hod @ [FFB(TEMP,0)]: empty
Fixed Function block hod @ [FFB(SARADC,0)]: empty
Fixed Function block hod @ [FFB(M0S8LCD,0)]: empty
Fixed Function block hod @ [FFB(CLK_GEN,0)]: 
    M0S8 Clock Gen Block @ [FFB(CLK_GEN,0)]: 
    m0s8clockgenblockcell: Name =ClockGenBlock
        PORT MAP (
            gen_clk_out_0 => \SPIM_1:Net_276_digital\ ,
            gen_clk_in_0 => dclk_to_genclk );
        Properties:
        {
        }
Fixed Function block hod @ [FFB(LPCOMPBLOCK,0)]: empty
Fixed Function block hod @ [FFB(CTBMBLOCK,0)]: empty
Fixed Function block hod @ [FFB(ANAPUMP,0)]: empty
</CYPRESSTAG>
<CYPRESSTAG name="Port Configuration Details">

------------------------------------------------------------
Port Configuration report
------------------------------------------------------------
     |     |       | Interrupt |                  |                | 
Port | Pin | Fixed |      Type |       Drive Mode |           Name | Connections
-----+-----+-------+-----------+------------------+----------------+---------------------
   0 |   4 |       |      NONE |    OPEN_DRAIN_LO | \I2C_1:scl(0)\ | FB(\I2C_1:Net_580\)
     |   5 |       |      NONE |    OPEN_DRAIN_LO | \I2C_1:sda(0)\ | FB(\I2C_1:Net_581\)
-----+-----+-------+-----------+------------------+----------------+---------------------
   2 |   6 |     * |      NONE |     HI_Z_DIGITAL |        miso(0) | FB(Net_43)
-----+-----+-------+-----------+------------------+----------------+---------------------
   3 |   0 |     * |      NONE |         CMOS_OUT |        sclk(0) | In(Net_41)
     |   4 |     * |      NONE |         CMOS_OUT |       Pin_4(0) | 
     |   6 |     * |      NONE |         CMOS_OUT |        mosi(0) | In(Net_40)
-----+-----+-------+-----------+------------------+----------------+---------------------
   4 |   0 |       |      NONE |     HI_Z_DIGITAL | \UART_1:rx(0)\ | FB(\UART_1:Net_654\)
     |   1 |       |      NONE |         CMOS_OUT | \UART_1:tx(0)\ | In(\UART_1:Net_656\)
-----------------------------------------------------------------------------------------
</CYPRESSTAG>
</CYPRESSTAG>
</CYPRESSTAG>
Digital component placer commit/Report: Elapsed time ==> 0s.002ms
Digital Placement phase: Elapsed time ==> 0s.579ms
</CYPRESSTAG>
<CYPRESSTAG name="Digital Routing">
Routing successful.
Digital Routing phase: Elapsed time ==> 0s.645ms
</CYPRESSTAG>
<CYPRESSTAG name="Bitstream and API generation">
Bitstream and API generation phase: Elapsed time ==> 0s.140ms
</CYPRESSTAG>
<CYPRESSTAG name="Bitstream verification">
Bitstream verification phase: Elapsed time ==> 0s.037ms
</CYPRESSTAG>
<CYPRESSTAG name="Static timing analysis">
Timing report is in Desktop_Tool_Emulator_timing.html.
Static timing analysis phase: Elapsed time ==> 0s.255ms
</CYPRESSTAG>
<CYPRESSTAG name="Data reporting">
Data reporting phase: Elapsed time ==> 0s.000ms
</CYPRESSTAG>
<CYPRESSTAG name="Database update...">
Design database save phase: Elapsed time ==> 0s.166ms
</CYPRESSTAG>
cydsfit: Elapsed time ==> 2s.178ms
</CYPRESSTAG>
Fitter phase: Elapsed time ==> 2s.210ms
API generation phase: Elapsed time ==> 1s.186ms
Dependency generation phase: Elapsed time ==> 0s.010ms
Cleanup phase: Elapsed time ==> 0s.002ms
